RUN	userservice.AutenticacaoPerformance	autenticacaoperformance	1611858179340	 	3.5.0
USER	Criar e Autenticar	START	1611858180584
REQUEST		Criar	1611858180628	1611858180723	OK	 
REQUEST		Autenticar	1611858180748	1611858180831	OK	 
USER	Criar e Autenticar	END	1611858180835
USER	Criar e Autenticar	START	1611858181555
REQUEST		Criar	1611858181556	1611858181644	OK	 
REQUEST		Autenticar	1611858181645	1611858181729	OK	 
USER	Criar e Autenticar	END	1611858181730
USER	Criar e Autenticar	START	1611858182560
REQUEST		Criar	1611858182561	1611858182648	OK	 
REQUEST		Autenticar	1611858182649	1611858182732	OK	 
USER	Criar e Autenticar	END	1611858182733
USER	Criar e Autenticar	START	1611858183545
REQUEST		Criar	1611858183546	1611858183633	OK	 
REQUEST		Autenticar	1611858183634	1611858183718	OK	 
USER	Criar e Autenticar	END	1611858183719
USER	Criar e Autenticar	START	1611858184546
REQUEST		Criar	1611858184546	1611858184634	OK	 
REQUEST		Autenticar	1611858184635	1611858184719	OK	 
USER	Criar e Autenticar	END	1611858184720
USER	Criar e Autenticar	START	1611858185546
REQUEST		Criar	1611858185546	1611858185636	OK	 
REQUEST		Autenticar	1611858185637	1611858185721	OK	 
USER	Criar e Autenticar	END	1611858185722
USER	Criar e Autenticar	START	1611858186545
REQUEST		Criar	1611858186546	1611858186632	OK	 
REQUEST		Autenticar	1611858186633	1611858186718	OK	 
USER	Criar e Autenticar	END	1611858186719
USER	Criar e Autenticar	START	1611858187545
REQUEST		Criar	1611858187546	1611858187631	OK	 
REQUEST		Autenticar	1611858187632	1611858187715	OK	 
USER	Criar e Autenticar	END	1611858187716
USER	Criar e Autenticar	START	1611858188546
REQUEST		Criar	1611858188547	1611858188633	OK	 
REQUEST		Autenticar	1611858188634	1611858188718	OK	 
USER	Criar e Autenticar	END	1611858188719
USER	Criar e Autenticar	START	1611858189546
REQUEST		Criar	1611858189546	1611858189632	OK	 
REQUEST		Autenticar	1611858189633	1611858189719	OK	 
USER	Criar e Autenticar	END	1611858189719
USER	Criar e Autenticar	START	1611858190546
REQUEST		Criar	1611858190546	1611858190634	OK	 
REQUEST		Autenticar	1611858190634	1611858190719	OK	 
USER	Criar e Autenticar	END	1611858190720
USER	Criar e Autenticar	START	1611858191045
REQUEST		Criar	1611858191046	1611858191132	OK	 
REQUEST		Autenticar	1611858191133	1611858191216	OK	 
USER	Criar e Autenticar	END	1611858191216
USER	Criar e Autenticar	START	1611858191546
REQUEST		Criar	1611858191546	1611858191633	OK	 
REQUEST		Autenticar	1611858191634	1611858191716	OK	 
USER	Criar e Autenticar	END	1611858191717
USER	Criar e Autenticar	START	1611858191796
REQUEST		Criar	1611858191797	1611858191885	OK	 
REQUEST		Autenticar	1611858191886	1611858191969	OK	 
USER	Criar e Autenticar	END	1611858191969
USER	Criar e Autenticar	START	1611858192046
REQUEST		Criar	1611858192047	1611858192134	OK	 
REQUEST		Autenticar	1611858192134	1611858192216	OK	 
USER	Criar e Autenticar	END	1611858192217
USER	Criar e Autenticar	START	1611858192297
REQUEST		Criar	1611858192297	1611858192384	OK	 
REQUEST		Autenticar	1611858192385	1611858192468	OK	 
USER	Criar e Autenticar	END	1611858192469
USER	Criar e Autenticar	START	1611858192547
REQUEST		Criar	1611858192547	1611858192633	OK	 
USER	Criar e Autenticar	START	1611858192711
REQUEST		Autenticar	1611858192634	1611858192717	OK	 
USER	Criar e Autenticar	END	1611858192717
REQUEST		Criar	1611858192712	1611858192798	OK	 
USER	Criar e Autenticar	START	1611858192878
REQUEST		Autenticar	1611858192799	1611858192883	OK	 
USER	Criar e Autenticar	END	1611858192884
REQUEST		Criar	1611858192879	1611858192966	OK	 
USER	Criar e Autenticar	START	1611858193045
REQUEST		Autenticar	1611858192967	1611858193051	OK	 
USER	Criar e Autenticar	END	1611858193051
REQUEST		Criar	1611858193046	1611858193131	OK	 
USER	Criar e Autenticar	START	1611858193211
REQUEST		Autenticar	1611858193132	1611858193215	OK	 
USER	Criar e Autenticar	END	1611858193216
REQUEST		Criar	1611858193212	1611858193299	OK	 
USER	Criar e Autenticar	START	1611858193378
REQUEST		Autenticar	1611858193300	1611858193383	OK	 
USER	Criar e Autenticar	END	1611858193383
REQUEST		Criar	1611858193379	1611858193464	OK	 
USER	Criar e Autenticar	START	1611858193546
REQUEST		Autenticar	1611858193465	1611858193548	OK	 
USER	Criar e Autenticar	END	1611858193548
REQUEST		Criar	1611858193546	1611858193631	OK	 
USER	Criar e Autenticar	START	1611858193670
REQUEST		Autenticar	1611858193632	1611858193715	OK	 
USER	Criar e Autenticar	END	1611858193716
REQUEST		Criar	1611858193671	1611858193757	OK	 
USER	Criar e Autenticar	START	1611858193796
REQUEST		Autenticar	1611858193758	1611858193841	OK	 
USER	Criar e Autenticar	END	1611858193842
REQUEST		Criar	1611858193796	1611858193883	OK	 
USER	Criar e Autenticar	START	1611858193921
REQUEST		Autenticar	1611858193884	1611858193966	OK	 
USER	Criar e Autenticar	END	1611858193967
REQUEST		Criar	1611858193921	1611858194012	OK	 
USER	Criar e Autenticar	START	1611858194046
REQUEST		Autenticar	1611858194013	1611858194096	OK	 
USER	Criar e Autenticar	END	1611858194097
REQUEST		Criar	1611858194046	1611858194132	OK	 
USER	Criar e Autenticar	START	1611858194171
REQUEST		Criar	1611858194171	1611858194256	OK	 
USER	Criar e Autenticar	START	1611858194296
REQUEST		Autenticar	1611858194256	1611858194339	OK	 
USER	Criar e Autenticar	END	1611858194339
REQUEST		Criar	1611858194296	1611858194382	OK	 
USER	Criar e Autenticar	START	1611858194421
REQUEST		Autenticar	1611858194383	1611858194468	OK	 
USER	Criar e Autenticar	END	1611858194469
REQUEST		Criar	1611858194421	1611858194507	OK	 
REQUEST		Autenticar	1611858194132	1611858194512	OK	 
USER	Criar e Autenticar	END	1611858194512
USER	Criar e Autenticar	START	1611858194546
REQUEST		Autenticar	1611858194507	1611858194590	OK	 
USER	Criar e Autenticar	END	1611858194590
REQUEST		Criar	1611858194546	1611858194636	OK	 
USER	Criar e Autenticar	START	1611858194645
REQUEST		Autenticar	1611858194637	1611858194723	OK	 
USER	Criar e Autenticar	END	1611858194724
REQUEST		Criar	1611858194645	1611858194733	OK	 
USER	Criar e Autenticar	START	1611858194745
REQUEST		Autenticar	1611858194733	1611858194817	OK	 
USER	Criar e Autenticar	END	1611858194818
REQUEST		Criar	1611858194746	1611858194830	OK	 
USER	Criar e Autenticar	START	1611858194845
REQUEST		Autenticar	1611858194831	1611858194913	OK	 
USER	Criar e Autenticar	END	1611858194914
REQUEST		Criar	1611858194846	1611858194930	OK	 
USER	Criar e Autenticar	START	1611858194946
REQUEST		Autenticar	1611858194931	1611858195014	OK	 
USER	Criar e Autenticar	END	1611858195015
REQUEST		Criar	1611858194946	1611858195034	OK	 
USER	Criar e Autenticar	START	1611858195045
REQUEST		Autenticar	1611858195035	1611858195117	OK	 
USER	Criar e Autenticar	END	1611858195118
REQUEST		Criar	1611858195046	1611858195133	OK	 
USER	Criar e Autenticar	START	1611858195146
REQUEST		Autenticar	1611858195133	1611858195218	OK	 
USER	Criar e Autenticar	END	1611858195218
REQUEST		Criar	1611858195146	1611858195231	OK	 
USER	Criar e Autenticar	START	1611858195246
REQUEST		Autenticar	1611858195232	1611858195315	OK	 
USER	Criar e Autenticar	END	1611858195315
REQUEST		Criar	1611858195246	1611858195335	OK	 
USER	Criar e Autenticar	START	1611858195346
REQUEST		Autenticar	1611858195336	1611858195418	OK	 
USER	Criar e Autenticar	END	1611858195419
REQUEST		Criar	1611858195346	1611858195432	OK	 
USER	Criar e Autenticar	START	1611858195446
REQUEST		Autenticar	1611858195433	1611858195518	OK	 
USER	Criar e Autenticar	END	1611858195519
REQUEST		Criar	1611858195447	1611858195534	OK	 
USER	Criar e Autenticar	START	1611858195546
REQUEST		Autenticar	1611858195535	1611858195618	OK	 
USER	Criar e Autenticar	END	1611858195619
REQUEST		Criar	1611858195547	1611858195632	OK	 
USER	Criar e Autenticar	START	1611858195635
REQUEST		Autenticar	1611858195633	1611858195714	OK	 
USER	Criar e Autenticar	END	1611858195715
REQUEST		Criar	1611858195635	1611858195720	OK	 
USER	Criar e Autenticar	START	1611858195726
REQUEST		Autenticar	1611858195721	1611858195805	OK	 
USER	Criar e Autenticar	END	1611858195805
REQUEST		Criar	1611858195727	1611858195811	OK	 
USER	Criar e Autenticar	START	1611858195817
REQUEST		Autenticar	1611858195812	1611858195894	OK	 
USER	Criar e Autenticar	END	1611858195895
REQUEST		Criar	1611858195818	1611858195904	OK	 
USER	Criar e Autenticar	START	1611858195908
REQUEST		Autenticar	1611858195905	1611858195987	OK	 
USER	Criar e Autenticar	END	1611858195988
REQUEST		Criar	1611858195909	1611858195993	OK	 
USER	Criar e Autenticar	START	1611858195999
REQUEST		Autenticar	1611858195993	1611858196083	OK	 
USER	Criar e Autenticar	END	1611858196084
REQUEST		Criar	1611858196000	1611858196085	OK	 
USER	Criar e Autenticar	START	1611858196090
REQUEST		Autenticar	1611858196085	1611858196169	OK	 
USER	Criar e Autenticar	END	1611858196169
REQUEST		Criar	1611858196091	1611858196182	OK	 
USER	Criar e Autenticar	START	1611858196181
REQUEST		Autenticar	1611858196183	1611858196264	OK	 
USER	Criar e Autenticar	END	1611858196265
REQUEST		Criar	1611858196182	1611858196267	OK	 
USER	Criar e Autenticar	START	1611858196273
REQUEST		Autenticar	1611858196267	1611858196349	OK	 
USER	Criar e Autenticar	END	1611858196350
REQUEST		Criar	1611858196273	1611858196357	OK	 
USER	Criar e Autenticar	START	1611858196364
REQUEST		Autenticar	1611858196358	1611858196439	OK	 
USER	Criar e Autenticar	END	1611858196440
REQUEST		Criar	1611858196364	1611858196448	OK	 
USER	Criar e Autenticar	START	1611858196455
REQUEST		Criar	1611858196455	1611858196540	OK	 
USER	Criar e Autenticar	START	1611858196546
REQUEST		Autenticar	1611858196541	1611858196623	OK	 
USER	Criar e Autenticar	END	1611858196624
REQUEST		Criar	1611858196546	1611858196631	OK	 
USER	Criar e Autenticar	START	1611858196635
REQUEST		Autenticar	1611858196632	1611858196715	OK	 
USER	Criar e Autenticar	END	1611858196715
REQUEST		Criar	1611858196635	1611858196719	OK	 
USER	Criar e Autenticar	START	1611858196726
REQUEST		Autenticar	1611858196720	1611858196802	OK	 
USER	Criar e Autenticar	END	1611858196803
REQUEST		Criar	1611858196727	1611858196812	OK	 
USER	Criar e Autenticar	START	1611858196817
REQUEST		Autenticar	1611858196448	1611858196830	OK	 
USER	Criar e Autenticar	END	1611858196831
REQUEST		Autenticar	1611858196813	1611858196896	OK	 
USER	Criar e Autenticar	END	1611858196897
REQUEST		Criar	1611858196818	1611858196903	OK	 
USER	Criar e Autenticar	START	1611858196908
REQUEST		Autenticar	1611858196904	1611858196984	OK	 
USER	Criar e Autenticar	END	1611858196985
REQUEST		Criar	1611858196909	1611858196993	OK	 
USER	Criar e Autenticar	START	1611858196999
REQUEST		Autenticar	1611858196993	1611858197079	OK	 
USER	Criar e Autenticar	END	1611858197079
REQUEST		Criar	1611858197000	1611858197084	OK	 
USER	Criar e Autenticar	START	1611858197090
REQUEST		Autenticar	1611858197084	1611858197168	OK	 
USER	Criar e Autenticar	END	1611858197169
REQUEST		Criar	1611858197091	1611858197176	OK	 
USER	Criar e Autenticar	START	1611858197181
REQUEST		Autenticar	1611858197177	1611858197259	OK	 
USER	Criar e Autenticar	END	1611858197259
REQUEST		Criar	1611858197182	1611858197273	OK	 
USER	Criar e Autenticar	START	1611858197272
REQUEST		Autenticar	1611858197273	1611858197357	OK	 
REQUEST		Criar	1611858197273	1611858197357	OK	 
USER	Criar e Autenticar	END	1611858197357
USER	Criar e Autenticar	START	1611858197364
REQUEST		Autenticar	1611858197358	1611858197439	OK	 
USER	Criar e Autenticar	END	1611858197439
REQUEST		Criar	1611858197364	1611858197448	OK	 
USER	Criar e Autenticar	START	1611858197455
REQUEST		Autenticar	1611858197449	1611858197531	OK	 
USER	Criar e Autenticar	END	1611858197531
REQUEST		Criar	1611858197455	1611858197540	OK	 
USER	Criar e Autenticar	START	1611858197546
REQUEST		Autenticar	1611858197541	1611858197623	OK	 
USER	Criar e Autenticar	END	1611858197624
REQUEST		Criar	1611858197546	1611858197632	OK	 
USER	Criar e Autenticar	START	1611858197635
REQUEST		Autenticar	1611858197632	1611858197715	OK	 
USER	Criar e Autenticar	END	1611858197716
REQUEST		Criar	1611858197635	1611858197720	OK	 
USER	Criar e Autenticar	START	1611858197726
REQUEST		Autenticar	1611858197721	1611858197802	OK	 
USER	Criar e Autenticar	END	1611858197803
REQUEST		Criar	1611858197727	1611858197812	OK	 
USER	Criar e Autenticar	START	1611858197817
REQUEST		Autenticar	1611858197813	1611858197895	OK	 
USER	Criar e Autenticar	END	1611858197895
REQUEST		Criar	1611858197817	1611858197901	OK	 
USER	Criar e Autenticar	START	1611858197908
REQUEST		Autenticar	1611858197902	1611858197984	OK	 
USER	Criar e Autenticar	END	1611858197985
REQUEST		Criar	1611858197909	1611858197996	OK	 
USER	Criar e Autenticar	START	1611858197999
REQUEST		Autenticar	1611858197996	1611858198078	OK	 
USER	Criar e Autenticar	END	1611858198079
REQUEST		Criar	1611858197999	1611858198081	OK	 
USER	Criar e Autenticar	START	1611858198090
REQUEST		Autenticar	1611858198082	1611858198163	OK	 
USER	Criar e Autenticar	END	1611858198164
REQUEST		Criar	1611858198091	1611858198177	OK	 
USER	Criar e Autenticar	START	1611858198181
REQUEST		Autenticar	1611858198177	1611858198261	OK	 
USER	Criar e Autenticar	END	1611858198261
REQUEST		Criar	1611858198182	1611858198268	OK	 
USER	Criar e Autenticar	START	1611858198272
REQUEST		Autenticar	1611858198269	1611858198353	OK	 
USER	Criar e Autenticar	END	1611858198354
REQUEST		Criar	1611858198273	1611858198357	OK	 
USER	Criar e Autenticar	START	1611858198364
REQUEST		Autenticar	1611858198358	1611858198439	OK	 
USER	Criar e Autenticar	END	1611858198440
REQUEST		Criar	1611858198364	1611858198449	OK	 
USER	Criar e Autenticar	START	1611858198456
REQUEST		Autenticar	1611858198451	1611858198533	OK	 
USER	Criar e Autenticar	END	1611858198533
REQUEST		Criar	1611858198457	1611858198540	OK	 
USER	Criar e Autenticar	START	1611858198545
REQUEST		Autenticar	1611858198541	1611858198622	OK	 
USER	Criar e Autenticar	END	1611858198623
REQUEST		Criar	1611858198546	1611858198631	OK	 
USER	Criar e Autenticar	START	1611858198636
REQUEST		Autenticar	1611858198631	1611858198713	OK	 
USER	Criar e Autenticar	END	1611858198714
REQUEST		Criar	1611858198636	1611858198721	OK	 
USER	Criar e Autenticar	START	1611858198727
REQUEST		Autenticar	1611858198721	1611858198803	OK	 
USER	Criar e Autenticar	END	1611858198804
REQUEST		Criar	1611858198727	1611858198811	OK	 
USER	Criar e Autenticar	START	1611858198818
REQUEST		Autenticar	1611858198812	1611858198894	OK	 
USER	Criar e Autenticar	END	1611858198895
REQUEST		Criar	1611858198818	1611858198905	OK	 
USER	Criar e Autenticar	START	1611858198909
REQUEST		Autenticar	1611858198906	1611858198989	OK	 
USER	Criar e Autenticar	END	1611858198990
REQUEST		Criar	1611858198909	1611858198993	OK	 
USER	Criar e Autenticar	START	1611858199000
REQUEST		Criar	1611858199000	1611858199087	OK	 
USER	Criar e Autenticar	START	1611858199091
REQUEST		Autenticar	1611858199087	1611858199171	OK	 
USER	Criar e Autenticar	END	1611858199172
REQUEST		Criar	1611858199091	1611858199176	OK	 
USER	Criar e Autenticar	START	1611858199182
REQUEST		Autenticar	1611858198994	1611858199183	OK	 
USER	Criar e Autenticar	END	1611858199183
REQUEST		Autenticar	1611858199177	1611858199263	OK	 
USER	Criar e Autenticar	END	1611858199263
REQUEST		Criar	1611858199182	1611858199268	OK	 
USER	Criar e Autenticar	START	1611858199273
USER	Criar e Autenticar	START	1611858199364
REQUEST		Autenticar	1611858199269	1611858199414	OK	 
USER	Criar e Autenticar	END	1611858199414
REQUEST		Criar	1611858199365	1611858199450	OK	 
USER	Criar e Autenticar	START	1611858199455
REQUEST		Autenticar	1611858199450	1611858199538	OK	 
USER	Criar e Autenticar	END	1611858199539
REQUEST		Criar	1611858199455	1611858199542	OK	 
USER	Criar e Autenticar	START	1611858199546
REQUEST		Autenticar	1611858199542	1611858199625	OK	 
USER	Criar e Autenticar	END	1611858199625
REQUEST		Criar	1611858199546	1611858199632	OK	 
USER	Criar e Autenticar	START	1611858199635
REQUEST		Autenticar	1611858199632	1611858199714	OK	 
USER	Criar e Autenticar	END	1611858199715
REQUEST		Criar	1611858199636	1611858199720	OK	 
USER	Criar e Autenticar	START	1611858199726
REQUEST		Criar	1611858199273	1611858199743	OK	 
REQUEST		Autenticar	1611858199720	1611858199803	OK	 
USER	Criar e Autenticar	END	1611858199803
REQUEST		Criar	1611858199727	1611858199814	OK	 
USER	Criar e Autenticar	START	1611858199818
REQUEST		Autenticar	1611858199814	1611858199897	OK	 
USER	Criar e Autenticar	END	1611858199898
REQUEST		Criar	1611858199818	1611858199906	OK	 
USER	Criar e Autenticar	START	1611858199909
REQUEST		Autenticar	1611858199907	1611858199989	OK	 
USER	Criar e Autenticar	END	1611858199989
REQUEST		Criar	1611858199909	1611858199994	OK	 
USER	Criar e Autenticar	START	1611858200000
REQUEST		Autenticar	1611858199994	1611858200076	OK	 
USER	Criar e Autenticar	END	1611858200077
REQUEST		Criar	1611858200000	1611858200084	OK	 
USER	Criar e Autenticar	START	1611858200090
REQUEST		Autenticar	1611858199744	1611858200110	OK	 
USER	Criar e Autenticar	END	1611858200110
REQUEST		Autenticar	1611858200085	1611858200167	OK	 
USER	Criar e Autenticar	END	1611858200167
REQUEST		Criar	1611858200091	1611858200176	OK	 
USER	Criar e Autenticar	START	1611858200182
REQUEST		Criar	1611858200182	1611858200269	OK	 
USER	Criar e Autenticar	START	1611858200273
REQUEST		Autenticar	1611858200269	1611858200351	OK	 
USER	Criar e Autenticar	END	1611858200352
REQUEST		Criar	1611858200273	1611858200358	OK	 
USER	Criar e Autenticar	START	1611858200364
REQUEST		Autenticar	1611858200359	1611858200441	OK	 
USER	Criar e Autenticar	END	1611858200442
REQUEST		Criar	1611858200364	1611858200451	OK	 
USER	Criar e Autenticar	START	1611858200455
REQUEST		Autenticar	1611858200452	1611858200533	OK	 
USER	Criar e Autenticar	END	1611858200534
REQUEST		Criar	1611858200455	1611858200540	OK	 
USER	Criar e Autenticar	START	1611858200546
REQUEST		Autenticar	1611858200176	1611858200555	OK	 
USER	Criar e Autenticar	END	1611858200556
REQUEST		Autenticar	1611858200541	1611858200625	OK	 
USER	Criar e Autenticar	END	1611858200625
REQUEST		Criar	1611858200546	1611858200635	OK	 
USER	Criar e Autenticar	START	1611858200636
REQUEST		Autenticar	1611858200636	1611858200717	OK	 
USER	Criar e Autenticar	END	1611858200718
REQUEST		Criar	1611858200636	1611858200720	OK	 
USER	Criar e Autenticar	START	1611858200727
REQUEST		Autenticar	1611858200720	1611858200802	OK	 
USER	Criar e Autenticar	END	1611858200803
REQUEST		Criar	1611858200727	1611858200813	OK	 
USER	Criar e Autenticar	START	1611858200818
REQUEST		Criar	1611858200818	1611858200903	OK	 
USER	Criar e Autenticar	START	1611858200909
REQUEST		Autenticar	1611858200904	1611858200985	OK	 
USER	Criar e Autenticar	END	1611858200985
REQUEST		Criar	1611858200909	1611858200994	OK	 
USER	Criar e Autenticar	START	1611858201000
REQUEST		Autenticar	1611858200995	1611858201077	OK	 
USER	Criar e Autenticar	END	1611858201078
REQUEST		Criar	1611858201000	1611858201088	OK	 
USER	Criar e Autenticar	START	1611858201091
REQUEST		Autenticar	1611858201089	1611858201173	OK	 
USER	Criar e Autenticar	END	1611858201173
REQUEST		Criar	1611858201091	1611858201175	OK	 
USER	Criar e Autenticar	START	1611858201182
REQUEST		Autenticar	1611858200814	1611858201194	OK	 
USER	Criar e Autenticar	END	1611858201195
REQUEST		Autenticar	1611858201176	1611858201257	OK	 
USER	Criar e Autenticar	END	1611858201260
REQUEST		Criar	1611858201182	1611858201267	OK	 
USER	Criar e Autenticar	START	1611858201273
REQUEST		Autenticar	1611858201268	1611858201351	OK	 
USER	Criar e Autenticar	END	1611858201351
REQUEST		Criar	1611858201273	1611858201359	OK	 
USER	Criar e Autenticar	START	1611858201364
REQUEST		Autenticar	1611858201360	1611858201442	OK	 
USER	Criar e Autenticar	END	1611858201443
REQUEST		Criar	1611858201364	1611858201448	OK	 
USER	Criar e Autenticar	START	1611858201455
REQUEST		Autenticar	1611858201449	1611858201530	OK	 
USER	Criar e Autenticar	END	1611858201531
REQUEST		Criar	1611858201455	1611858201541	OK	 
USER	Criar e Autenticar	START	1611858201546
REQUEST		Autenticar	1611858201541	1611858201623	OK	 
USER	Criar e Autenticar	END	1611858201623
REQUEST		Criar	1611858201546	1611858201631	OK	 
USER	Criar e Autenticar	START	1611858201635
REQUEST		Autenticar	1611858201631	1611858201714	OK	 
USER	Criar e Autenticar	END	1611858201715
REQUEST		Criar	1611858201635	1611858201719	OK	 
USER	Criar e Autenticar	START	1611858201726
REQUEST		Autenticar	1611858201720	1611858201802	OK	 
USER	Criar e Autenticar	END	1611858201803
REQUEST		Criar	1611858201727	1611858201813	OK	 
USER	Criar e Autenticar	START	1611858201817
REQUEST		Autenticar	1611858201813	1611858201897	OK	 
USER	Criar e Autenticar	END	1611858201897
REQUEST		Criar	1611858201817	1611858201902	OK	 
USER	Criar e Autenticar	START	1611858201908
REQUEST		Autenticar	1611858201903	1611858201985	OK	 
USER	Criar e Autenticar	END	1611858201986
REQUEST		Criar	1611858201909	1611858201999	OK	 
USER	Criar e Autenticar	START	1611858201999
REQUEST		Autenticar	1611858202000	1611858202083	OK	 
USER	Criar e Autenticar	END	1611858202083
REQUEST		Criar	1611858202000	1611858202084	OK	 
USER	Criar e Autenticar	START	1611858202090
REQUEST		Autenticar	1611858202084	1611858202165	OK	 
USER	Criar e Autenticar	END	1611858202166
REQUEST		Criar	1611858202091	1611858202176	OK	 
USER	Criar e Autenticar	START	1611858202181
REQUEST		Autenticar	1611858202177	1611858202258	OK	 
USER	Criar e Autenticar	END	1611858202259
REQUEST		Criar	1611858202182	1611858202266	OK	 
USER	Criar e Autenticar	START	1611858202272
REQUEST		Autenticar	1611858202267	1611858202349	OK	 
USER	Criar e Autenticar	END	1611858202349
REQUEST		Criar	1611858202273	1611858202358	OK	 
USER	Criar e Autenticar	START	1611858202363
REQUEST		Autenticar	1611858202359	1611858202441	OK	 
USER	Criar e Autenticar	END	1611858202441
REQUEST		Criar	1611858202364	1611858202448	OK	 
USER	Criar e Autenticar	START	1611858202455
REQUEST		Autenticar	1611858202449	1611858202530	OK	 
USER	Criar e Autenticar	END	1611858202530
REQUEST		Criar	1611858202455	1611858202542	OK	 
USER	Criar e Autenticar	START	1611858202546
REQUEST		Autenticar	1611858202542	1611858202624	OK	 
USER	Criar e Autenticar	END	1611858202625
REQUEST		Criar	1611858202546	1611858202630	OK	 
USER	Criar e Autenticar	START	1611858202635
REQUEST		Autenticar	1611858202631	1611858202713	OK	 
USER	Criar e Autenticar	END	1611858202714
REQUEST		Criar	1611858202636	1611858202719	OK	 
USER	Criar e Autenticar	START	1611858202726
REQUEST		Autenticar	1611858202719	1611858202800	OK	 
USER	Criar e Autenticar	END	1611858202801
REQUEST		Criar	1611858202726	1611858202812	OK	 
USER	Criar e Autenticar	START	1611858202817
REQUEST		Autenticar	1611858202812	1611858202894	OK	 
USER	Criar e Autenticar	END	1611858202895
REQUEST		Criar	1611858202817	1611858202903	OK	 
USER	Criar e Autenticar	START	1611858202908
REQUEST		Autenticar	1611858202904	1611858202987	OK	 
USER	Criar e Autenticar	END	1611858202988
REQUEST		Criar	1611858202909	1611858202993	OK	 
USER	Criar e Autenticar	START	1611858202999
REQUEST		Autenticar	1611858202994	1611858203078	OK	 
USER	Criar e Autenticar	END	1611858203078
REQUEST		Criar	1611858203000	1611858203084	OK	 
USER	Criar e Autenticar	START	1611858203090
REQUEST		Autenticar	1611858203085	1611858203167	OK	 
USER	Criar e Autenticar	END	1611858203168
REQUEST		Criar	1611858203090	1611858203175	OK	 
USER	Criar e Autenticar	START	1611858203181
REQUEST		Autenticar	1611858203175	1611858203258	OK	 
USER	Criar e Autenticar	END	1611858203258
REQUEST		Criar	1611858203182	1611858203267	OK	 
USER	Criar e Autenticar	START	1611858203273
REQUEST		Autenticar	1611858203267	1611858203350	OK	 
USER	Criar e Autenticar	END	1611858203351
REQUEST		Criar	1611858203273	1611858203359	OK	 
USER	Criar e Autenticar	START	1611858203363
REQUEST		Autenticar	1611858203359	1611858203442	OK	 
USER	Criar e Autenticar	END	1611858203443
REQUEST		Criar	1611858203364	1611858203450	OK	 
USER	Criar e Autenticar	START	1611858203454
REQUEST		Autenticar	1611858203451	1611858203532	OK	 
USER	Criar e Autenticar	END	1611858203533
REQUEST		Criar	1611858203455	1611858203540	OK	 
USER	Criar e Autenticar	START	1611858203545
REQUEST		Autenticar	1611858203540	1611858203622	OK	 
USER	Criar e Autenticar	END	1611858203622
REQUEST		Criar	1611858203546	1611858203630	OK	 
USER	Criar e Autenticar	START	1611858203635
REQUEST		Autenticar	1611858203631	1611858203712	OK	 
USER	Criar e Autenticar	END	1611858203713
REQUEST		Criar	1611858203635	1611858203719	OK	 
USER	Criar e Autenticar	START	1611858203726
REQUEST		Autenticar	1611858203719	1611858203802	OK	 
USER	Criar e Autenticar	END	1611858203803
REQUEST		Criar	1611858203727	1611858203812	OK	 
USER	Criar e Autenticar	START	1611858203817
REQUEST		Autenticar	1611858203812	1611858203895	OK	 
USER	Criar e Autenticar	END	1611858203895
REQUEST		Criar	1611858203818	1611858203903	OK	 
USER	Criar e Autenticar	START	1611858203908
REQUEST		Autenticar	1611858203904	1611858203987	OK	 
USER	Criar e Autenticar	END	1611858203988
REQUEST		Criar	1611858203909	1611858203992	OK	 
USER	Criar e Autenticar	START	1611858203999
REQUEST		Autenticar	1611858203992	1611858204076	OK	 
USER	Criar e Autenticar	END	1611858204077
REQUEST		Criar	1611858204000	1611858204084	OK	 
USER	Criar e Autenticar	START	1611858204090
REQUEST		Autenticar	1611858204085	1611858204165	OK	 
USER	Criar e Autenticar	END	1611858204166
REQUEST		Criar	1611858204091	1611858204175	OK	 
USER	Criar e Autenticar	START	1611858204181
REQUEST		Autenticar	1611858204175	1611858204257	OK	 
USER	Criar e Autenticar	END	1611858204258
REQUEST		Criar	1611858204182	1611858204267	OK	 
USER	Criar e Autenticar	START	1611858204272
REQUEST		Autenticar	1611858204267	1611858204351	OK	 
USER	Criar e Autenticar	END	1611858204351
REQUEST		Criar	1611858204273	1611858204356	OK	 
USER	Criar e Autenticar	START	1611858204364
REQUEST		Autenticar	1611858204357	1611858204439	OK	 
USER	Criar e Autenticar	END	1611858204439
REQUEST		Criar	1611858204364	1611858204447	OK	 
USER	Criar e Autenticar	START	1611858204454
REQUEST		Autenticar	1611858204448	1611858204530	OK	 
USER	Criar e Autenticar	END	1611858204530
REQUEST		Criar	1611858204455	1611858204539	OK	 
USER	Criar e Autenticar	START	1611858204546
REQUEST		Autenticar	1611858204540	1611858204621	OK	 
USER	Criar e Autenticar	END	1611858204621
REQUEST		Criar	1611858204546	1611858204630	OK	 
USER	Criar e Autenticar	START	1611858204636
REQUEST		Autenticar	1611858204631	1611858204713	OK	 
USER	Criar e Autenticar	END	1611858204714
REQUEST		Criar	1611858204636	1611858204721	OK	 
USER	Criar e Autenticar	START	1611858204727
REQUEST		Autenticar	1611858204722	1611858204802	OK	 
USER	Criar e Autenticar	END	1611858204803
REQUEST		Criar	1611858204727	1611858204812	OK	 
USER	Criar e Autenticar	START	1611858204818
REQUEST		Autenticar	1611858204812	1611858204894	OK	 
USER	Criar e Autenticar	END	1611858204895
REQUEST		Criar	1611858204818	1611858204902	OK	 
USER	Criar e Autenticar	START	1611858204909
REQUEST		Autenticar	1611858204903	1611858204986	OK	 
USER	Criar e Autenticar	END	1611858204986
REQUEST		Criar	1611858204909	1611858204992	OK	 
USER	Criar e Autenticar	START	1611858205000
REQUEST		Autenticar	1611858204992	1611858205074	OK	 
USER	Criar e Autenticar	END	1611858205074
REQUEST		Criar	1611858205000	1611858205084	OK	 
USER	Criar e Autenticar	START	1611858205091
REQUEST		Autenticar	1611858205085	1611858205169	OK	 
USER	Criar e Autenticar	END	1611858205170
REQUEST		Criar	1611858205091	1611858205174	OK	 
USER	Criar e Autenticar	START	1611858205182
REQUEST		Autenticar	1611858205175	1611858205256	OK	 
USER	Criar e Autenticar	END	1611858205257
REQUEST		Criar	1611858205182	1611858205271	OK	 
USER	Criar e Autenticar	START	1611858205273
REQUEST		Autenticar	1611858205272	1611858205355	OK	 
USER	Criar e Autenticar	END	1611858205356
REQUEST		Criar	1611858205273	1611858205357	OK	 
USER	Criar e Autenticar	START	1611858205364
REQUEST		Autenticar	1611858205358	1611858205439	OK	 
USER	Criar e Autenticar	END	1611858205439
REQUEST		Criar	1611858205364	1611858205449	OK	 
USER	Criar e Autenticar	START	1611858205455
REQUEST		Autenticar	1611858205450	1611858205536	OK	 
USER	Criar e Autenticar	END	1611858205536
REQUEST		Criar	1611858205455	1611858205540	OK	 
REQUEST		Autenticar	1611858205540	1611858205621	OK	 
USER	Criar e Autenticar	END	1611858205622
