RUN	userservice.AutenticacaoPerformance	autenticacaoperformance	1611856145759	 	3.5.0
USER	Criar e Autenticar	START	1611856147129
REQUEST		Criar	1611856147169	1611856147330	OK	 
REQUEST		Autenticar	1611856147347	1611856147492	OK	 
USER	Criar e Autenticar	END	1611856147501
USER	Criar e Autenticar	START	1611856148110
REQUEST		Criar	1611856148111	1611856148264	OK	 
REQUEST		Autenticar	1611856148265	1611856148412	OK	 
USER	Criar e Autenticar	END	1611856148413
USER	Criar e Autenticar	START	1611856149110
REQUEST		Criar	1611856149111	1611856149265	OK	 
REQUEST		Autenticar	1611856149266	1611856149410	OK	 
USER	Criar e Autenticar	END	1611856149411
USER	Criar e Autenticar	START	1611856150102
REQUEST		Criar	1611856150103	1611856150256	OK	 
REQUEST		Autenticar	1611856150257	1611856150402	OK	 
USER	Criar e Autenticar	END	1611856150403
USER	Criar e Autenticar	START	1611856151101
REQUEST		Criar	1611856151102	1611856151254	OK	 
REQUEST		Autenticar	1611856151255	1611856151400	OK	 
USER	Criar e Autenticar	END	1611856151402
USER	Criar e Autenticar	START	1611856152102
REQUEST		Criar	1611856152102	1611856152253	OK	 
REQUEST		Autenticar	1611856152254	1611856152396	OK	 
USER	Criar e Autenticar	END	1611856152397
USER	Criar e Autenticar	START	1611856153102
REQUEST		Criar	1611856153102	1611856153263	OK	 
REQUEST		Autenticar	1611856153264	1611856153409	OK	 
USER	Criar e Autenticar	END	1611856153410
USER	Criar e Autenticar	START	1611856154102
REQUEST		Criar	1611856154102	1611856154253	OK	 
REQUEST		Autenticar	1611856154254	1611856154401	OK	 
USER	Criar e Autenticar	END	1611856154402
USER	Criar e Autenticar	START	1611856155102
REQUEST		Criar	1611856155102	1611856155252	OK	 
REQUEST		Autenticar	1611856155253	1611856155398	OK	 
USER	Criar e Autenticar	END	1611856155399
USER	Criar e Autenticar	START	1611856156102
REQUEST		Criar	1611856156103	1611856156251	OK	 
REQUEST		Autenticar	1611856156253	1611856156399	OK	 
USER	Criar e Autenticar	END	1611856156400
USER	Criar e Autenticar	START	1611856157102
REQUEST		Criar	1611856157102	1611856157255	OK	 
USER	Criar e Autenticar	START	1611856157602
REQUEST		Criar	1611856157602	1611856157757	OK	 
REQUEST		Autenticar	1611856157758	1611856157899	OK	 
USER	Criar e Autenticar	END	1611856157900
REQUEST		Autenticar	1611856157256	1611856157906	OK	 
USER	Criar e Autenticar	END	1611856157906
USER	Criar e Autenticar	START	1611856158102
REQUEST		Criar	1611856158103	1611856158255	OK	 
USER	Criar e Autenticar	START	1611856158352
REQUEST		Autenticar	1611856158258	1611856158403	OK	 
USER	Criar e Autenticar	END	1611856158404
REQUEST		Criar	1611856158353	1611856158507	OK	 
USER	Criar e Autenticar	START	1611856158602
REQUEST		Autenticar	1611856158509	1611856158650	OK	 
USER	Criar e Autenticar	END	1611856158651
REQUEST		Criar	1611856158602	1611856158759	OK	 
USER	Criar e Autenticar	START	1611856158852
REQUEST		Criar	1611856158853	1611856159006	OK	 
USER	Criar e Autenticar	START	1611856159102
REQUEST		Autenticar	1611856159007	1611856159155	OK	 
USER	Criar e Autenticar	END	1611856159156
REQUEST		Criar	1611856159103	1611856159251	OK	 
USER	Criar e Autenticar	START	1611856159268
REQUEST		Autenticar	1611856158760	1611856159390	OK	 
USER	Criar e Autenticar	END	1611856159391
REQUEST		Autenticar	1611856159252	1611856159396	OK	 
USER	Criar e Autenticar	END	1611856159397
USER	Criar e Autenticar	START	1611856159435
REQUEST		Criar	1611856159268	1611856159438	OK	 
REQUEST		Autenticar	1611856159438	1611856159586	OK	 
USER	Criar e Autenticar	END	1611856159587
REQUEST		Criar	1611856159435	1611856159590	OK	 
USER	Criar e Autenticar	START	1611856159602
REQUEST		Criar	1611856159602	1611856159752	OK	 
USER	Criar e Autenticar	START	1611856159768
REQUEST		Autenticar	1611856159753	1611856159896	OK	 
USER	Criar e Autenticar	END	1611856159897
REQUEST		Criar	1611856159768	1611856159923	OK	 
USER	Criar e Autenticar	START	1611856159935
REQUEST		Autenticar	1611856159925	1611856160067	OK	 
USER	Criar e Autenticar	END	1611856160068
REQUEST		Criar	1611856159935	1611856160089	OK	 
USER	Criar e Autenticar	START	1611856160102
REQUEST		Autenticar	1611856159591	1611856160222	OK	 
USER	Criar e Autenticar	END	1611856160223
USER	Criar e Autenticar	START	1611856160227
REQUEST		Autenticar	1611856160090	1611856160232	OK	 
USER	Criar e Autenticar	END	1611856160233
REQUEST		Criar	1611856160103	1611856160258	OK	 
USER	Criar e Autenticar	START	1611856160352
REQUEST		Criar	1611856160227	1611856160380	OK	 
REQUEST		Autenticar	1611856160259	1611856160400	OK	 
USER	Criar e Autenticar	END	1611856160400
USER	Criar e Autenticar	START	1611856160477
REQUEST		Criar	1611856160352	1611856160502	OK	 
REQUEST		Autenticar	1611856160381	1611856160530	OK	 
USER	Criar e Autenticar	END	1611856160531
USER	Criar e Autenticar	START	1611856160602
REQUEST		Criar	1611856160477	1611856160631	OK	 
REQUEST		Autenticar	1611856160503	1611856160652	OK	 
USER	Criar e Autenticar	END	1611856160653
USER	Criar e Autenticar	START	1611856160727
REQUEST		Criar	1611856160602	1611856160760	OK	 
REQUEST		Autenticar	1611856160632	1611856160774	OK	 
USER	Criar e Autenticar	END	1611856160774
USER	Criar e Autenticar	START	1611856160852
REQUEST		Criar	1611856160727	1611856160881	OK	 
REQUEST		Autenticar	1611856160761	1611856160906	OK	 
USER	Criar e Autenticar	END	1611856160906
USER	Criar e Autenticar	START	1611856160977
REQUEST		Criar	1611856160852	1611856161007	OK	 
REQUEST		Autenticar	1611856160882	1611856161025	OK	 
USER	Criar e Autenticar	END	1611856161026
USER	Criar e Autenticar	START	1611856161102
REQUEST		Criar	1611856160977	1611856161126	OK	 
REQUEST		Autenticar	1611856161008	1611856161155	OK	 
USER	Criar e Autenticar	END	1611856161156
USER	Criar e Autenticar	START	1611856161202
REQUEST		Criar	1611856161103	1611856161251	OK	 
REQUEST		Autenticar	1611856161126	1611856161272	OK	 
USER	Criar e Autenticar	END	1611856161272
USER	Criar e Autenticar	START	1611856161302
REQUEST		Criar	1611856161203	1611856161353	OK	 
REQUEST		Autenticar	1611856161253	1611856161396	OK	 
USER	Criar e Autenticar	END	1611856161397
USER	Criar e Autenticar	START	1611856161402
REQUEST		Criar	1611856161303	1611856161451	OK	 
REQUEST		Autenticar	1611856161354	1611856161494	OK	 
USER	Criar e Autenticar	END	1611856161495
USER	Criar e Autenticar	START	1611856161502
REQUEST		Criar	1611856161403	1611856161559	OK	 
REQUEST		Autenticar	1611856161451	1611856161599	OK	 
USER	Criar e Autenticar	END	1611856161600
USER	Criar e Autenticar	START	1611856161602
REQUEST		Criar	1611856161502	1611856161651	OK	 
USER	Criar e Autenticar	START	1611856161702
REQUEST		Autenticar	1611856161560	1611856161704	OK	 
USER	Criar e Autenticar	END	1611856161705
REQUEST		Criar	1611856161603	1611856161753	OK	 
REQUEST		Autenticar	1611856161652	1611856161795	OK	 
USER	Criar e Autenticar	END	1611856161796
USER	Criar e Autenticar	START	1611856161802
REQUEST		Criar	1611856161703	1611856161856	OK	 
REQUEST		Autenticar	1611856161754	1611856161896	OK	 
USER	Criar e Autenticar	END	1611856161897
USER	Criar e Autenticar	START	1611856161902
REQUEST		Criar	1611856161803	1611856161951	OK	 
REQUEST		Autenticar	1611856161858	1611856162004	OK	 
USER	Criar e Autenticar	START	1611856162003
USER	Criar e Autenticar	END	1611856162005
REQUEST		Criar	1611856161903	1611856162057	OK	 
REQUEST		Autenticar	1611856161952	1611856162093	OK	 
USER	Criar e Autenticar	END	1611856162094
USER	Criar e Autenticar	START	1611856162103
REQUEST		Criar	1611856162004	1611856162153	OK	 
USER	Criar e Autenticar	START	1611856162192
REQUEST		Autenticar	1611856162057	1611856162199	OK	 
USER	Criar e Autenticar	END	1611856162199
REQUEST		Criar	1611856162103	1611856162250	OK	 
USER	Criar e Autenticar	START	1611856162283
REQUEST		Autenticar	1611856162154	1611856162298	OK	 
USER	Criar e Autenticar	END	1611856162299
REQUEST		Criar	1611856162192	1611856162344	OK	 
USER	Criar e Autenticar	START	1611856162374
REQUEST		Autenticar	1611856162251	1611856162396	OK	 
USER	Criar e Autenticar	END	1611856162397
REQUEST		Criar	1611856162283	1611856162432	OK	 
USER	Criar e Autenticar	START	1611856162465
REQUEST		Autenticar	1611856162345	1611856162495	OK	 
USER	Criar e Autenticar	END	1611856162496
REQUEST		Criar	1611856162374	1611856162525	OK	 
USER	Criar e Autenticar	START	1611856162556
REQUEST		Autenticar	1611856162433	1611856162580	OK	 
USER	Criar e Autenticar	END	1611856162581
REQUEST		Criar	1611856162465	1611856162619	OK	 
USER	Criar e Autenticar	START	1611856162647
REQUEST		Autenticar	1611856162526	1611856162671	OK	 
USER	Criar e Autenticar	END	1611856162671
REQUEST		Criar	1611856162557	1611856162704	OK	 
USER	Criar e Autenticar	START	1611856162738
REQUEST		Autenticar	1611856162619	1611856162761	OK	 
USER	Criar e Autenticar	END	1611856162762
REQUEST		Criar	1611856162648	1611856162802	OK	 
USER	Criar e Autenticar	START	1611856162829
REQUEST		Autenticar	1611856162705	1611856162856	OK	 
USER	Criar e Autenticar	END	1611856162856
REQUEST		Criar	1611856162739	1611856162888	OK	 
USER	Criar e Autenticar	START	1611856162920
REQUEST		Autenticar	1611856162803	1611856162945	OK	 
USER	Criar e Autenticar	END	1611856162946
REQUEST		Criar	1611856162830	1611856162988	OK	 
USER	Criar e Autenticar	START	1611856163012
REQUEST		Autenticar	1611856162889	1611856163028	OK	 
USER	Criar e Autenticar	END	1611856163029
REQUEST		Criar	1611856162921	1611856163076	OK	 
USER	Criar e Autenticar	START	1611856163102
REQUEST		Criar	1611856163012	1611856163159	OK	 
USER	Criar e Autenticar	START	1611856163192
REQUEST		Autenticar	1611856163076	1611856163221	OK	 
USER	Criar e Autenticar	END	1611856163222
REQUEST		Criar	1611856163103	1611856163264	OK	 
USER	Criar e Autenticar	START	1611856163283
REQUEST		Autenticar	1611856163160	1611856163302	OK	 
USER	Criar e Autenticar	END	1611856163303
REQUEST		Criar	1611856163192	1611856163345	OK	 
USER	Criar e Autenticar	START	1611856163374
REQUEST		Autenticar	1611856163265	1611856163414	OK	 
USER	Criar e Autenticar	END	1611856163415
REQUEST		Criar	1611856163283	1611856163442	OK	 
USER	Criar e Autenticar	START	1611856163465
REQUEST		Autenticar	1611856163346	1611856163491	OK	 
USER	Criar e Autenticar	END	1611856163492
REQUEST		Criar	1611856163374	1611856163521	OK	 
USER	Criar e Autenticar	START	1611856163556
REQUEST		Criar	1611856163465	1611856163614	OK	 
REQUEST		Autenticar	1611856162989	1611856163616	OK	 
USER	Criar e Autenticar	END	1611856163617
USER	Criar e Autenticar	START	1611856163647
REQUEST		Autenticar	1611856163522	1611856163666	OK	 
USER	Criar e Autenticar	END	1611856163666
REQUEST		Criar	1611856163556	1611856163708	OK	 
USER	Criar e Autenticar	START	1611856163738
REQUEST		Autenticar	1611856163615	1611856163762	OK	 
USER	Criar e Autenticar	END	1611856163762
REQUEST		Criar	1611856163647	1611856163803	OK	 
USER	Criar e Autenticar	START	1611856163829
REQUEST		Autenticar	1611856163708	1611856163849	OK	 
USER	Criar e Autenticar	END	1611856163849
REQUEST		Criar	1611856163739	1611856163894	OK	 
USER	Criar e Autenticar	START	1611856163920
REQUEST		Autenticar	1611856163804	1611856163946	OK	 
USER	Criar e Autenticar	END	1611856163946
REQUEST		Criar	1611856163830	1611856163985	OK	 
USER	Criar e Autenticar	START	1611856164011
REQUEST		Autenticar	1611856163895	1611856164038	OK	 
USER	Criar e Autenticar	END	1611856164039
REQUEST		Autenticar	1611856163443	1611856164065	OK	 
USER	Criar e Autenticar	END	1611856164066
REQUEST		Criar	1611856163920	1611856164068	OK	 
USER	Criar e Autenticar	START	1611856164102
REQUEST		Autenticar	1611856163986	1611856164134	OK	 
USER	Criar e Autenticar	END	1611856164135
REQUEST		Criar	1611856164012	1611856164168	OK	 
USER	Criar e Autenticar	START	1611856164192
REQUEST		Autenticar	1611856164069	1611856164209	OK	 
USER	Criar e Autenticar	END	1611856164209
REQUEST		Criar	1611856164103	1611856164254	OK	 
USER	Criar e Autenticar	START	1611856164283
REQUEST		Autenticar	1611856164169	1611856164313	OK	 
USER	Criar e Autenticar	END	1611856164313
REQUEST		Criar	1611856164192	1611856164341	OK	 
USER	Criar e Autenticar	START	1611856164374
REQUEST		Autenticar	1611856164255	1611856164401	OK	 
USER	Criar e Autenticar	END	1611856164401
REQUEST		Criar	1611856164283	1611856164430	OK	 
USER	Criar e Autenticar	START	1611856164465
REQUEST		Autenticar	1611856164342	1611856164484	OK	 
USER	Criar e Autenticar	END	1611856164485
REQUEST		Criar	1611856164374	1611856164522	OK	 
USER	Criar e Autenticar	START	1611856164556
REQUEST		Autenticar	1611856164430	1611856164578	OK	 
USER	Criar e Autenticar	END	1611856164578
REQUEST		Criar	1611856164465	1611856164614	OK	 
USER	Criar e Autenticar	START	1611856164647
REQUEST		Autenticar	1611856164523	1611856164664	OK	 
USER	Criar e Autenticar	END	1611856164664
REQUEST		Criar	1611856164556	1611856164709	OK	 
USER	Criar e Autenticar	START	1611856164738
REQUEST		Autenticar	1611856164615	1611856164759	OK	 
USER	Criar e Autenticar	END	1611856164760
REQUEST		Criar	1611856164647	1611856164803	OK	 
USER	Criar e Autenticar	START	1611856164829
REQUEST		Autenticar	1611856164709	1611856164852	OK	 
USER	Criar e Autenticar	END	1611856164852
REQUEST		Criar	1611856164739	1611856164886	OK	 
USER	Criar e Autenticar	START	1611856164920
REQUEST		Criar	1611856164830	1611856164980	OK	 
USER	Criar e Autenticar	START	1611856165011
REQUEST		Autenticar	1611856164886	1611856165027	OK	 
USER	Criar e Autenticar	END	1611856165028
REQUEST		Criar	1611856164921	1611856165069	OK	 
USER	Criar e Autenticar	START	1611856165102
REQUEST		Autenticar	1611856164981	1611856165121	OK	 
USER	Criar e Autenticar	END	1611856165122
USER	Criar e Autenticar	START	1611856165192
REQUEST		Autenticar	1611856165070	1611856165215	OK	 
USER	Criar e Autenticar	END	1611856165215
REQUEST		Criar	1611856165102	1611856165253	OK	 
USER	Criar e Autenticar	START	1611856165283
REQUEST		Criar	1611856165192	1611856165341	OK	 
USER	Criar e Autenticar	START	1611856165374
REQUEST		Autenticar	1611856165254	1611856165397	OK	 
USER	Criar e Autenticar	END	1611856165397
REQUEST		Criar	1611856165283	1611856165432	OK	 
REQUEST		Autenticar	1611856164803	1611856165442	OK	 
USER	Criar e Autenticar	END	1611856165443
USER	Criar e Autenticar	START	1611856165465
REQUEST		Autenticar	1611856165341	1611856165483	OK	 
USER	Criar e Autenticar	END	1611856165484
REQUEST		Criar	1611856165374	1611856165522	OK	 
USER	Criar e Autenticar	START	1611856165556
REQUEST		Autenticar	1611856165433	1611856165579	OK	 
USER	Criar e Autenticar	END	1611856165580
REQUEST		Criar	1611856165465	1611856165618	OK	 
USER	Criar e Autenticar	START	1611856165647
REQUEST		Autenticar	1611856165523	1611856165670	OK	 
USER	Criar e Autenticar	END	1611856165670
REQUEST		Criar	1611856165556	1611856165706	OK	 
USER	Criar e Autenticar	START	1611856165738
REQUEST		Criar	1611856165012	1611856165795	OK	 
REQUEST		Criar	1611856165647	1611856165795	OK	 
USER	Criar e Autenticar	START	1611856165829
REQUEST		Autenticar	1611856165707	1611856165847	OK	 
USER	Criar e Autenticar	END	1611856165848
REQUEST		Criar	1611856165738	1611856165891	OK	 
USER	Criar e Autenticar	START	1611856165920
REQUEST		Autenticar	1611856165795	1611856165937	OK	 
USER	Criar e Autenticar	END	1611856165937
REQUEST		Autenticar	1611856165796	1611856165939	OK	 
USER	Criar e Autenticar	END	1611856165940
REQUEST		Criar	1611856165829	1611856165977	OK	 
USER	Criar e Autenticar	START	1611856166011
REQUEST		Autenticar	1611856165892	1611856166034	OK	 
USER	Criar e Autenticar	END	1611856166034
REQUEST		Criar	1611856165920	1611856166070	OK	 
USER	Criar e Autenticar	START	1611856166102
REQUEST		Autenticar	1611856165978	1611856166122	OK	 
USER	Criar e Autenticar	END	1611856166122
REQUEST		Criar	1611856166011	1611856166165	OK	 
USER	Criar e Autenticar	START	1611856166191
REQUEST		Autenticar	1611856166071	1611856166212	OK	 
USER	Criar e Autenticar	END	1611856166212
REQUEST		Criar	1611856166102	1611856166248	OK	 
REQUEST		Autenticar	1611856165619	1611856166264	OK	 
USER	Criar e Autenticar	END	1611856166265
USER	Criar e Autenticar	START	1611856166282
REQUEST		Criar	1611856166192	1611856166345	OK	 
USER	Criar e Autenticar	START	1611856166374
REQUEST		Autenticar	1611856166250	1611856166394	OK	 
USER	Criar e Autenticar	END	1611856166395
REQUEST		Criar	1611856166283	1611856166433	OK	 
USER	Criar e Autenticar	START	1611856166465
REQUEST		Autenticar	1611856166346	1611856166494	OK	 
USER	Criar e Autenticar	END	1611856166494
USER	Criar e Autenticar	START	1611856166556
REQUEST		Autenticar	1611856166433	1611856166576	OK	 
USER	Criar e Autenticar	END	1611856166576
REQUEST		Criar	1611856166465	1611856166612	OK	 
USER	Criar e Autenticar	START	1611856166647
USER	Criar e Autenticar	START	1611856166738
REQUEST		Autenticar	1611856166612	1611856166753	OK	 
USER	Criar e Autenticar	END	1611856166753
REQUEST		Autenticar	1611856166166	1611856166793	OK	 
USER	Criar e Autenticar	END	1611856166793
REQUEST		Criar	1611856166647	1611856166797	OK	 
USER	Criar e Autenticar	START	1611856166829
REQUEST		Criar	1611856166738	1611856166889	OK	 
USER	Criar e Autenticar	START	1611856166920
REQUEST		Autenticar	1611856166797	1611856166939	OK	 
USER	Criar e Autenticar	END	1611856166939
REQUEST		Criar	1611856166829	1611856166976	OK	 
USER	Criar e Autenticar	START	1611856167011
REQUEST		Autenticar	1611856166890	1611856167031	OK	 
USER	Criar e Autenticar	END	1611856167031
REQUEST		Criar	1611856166920	1611856167068	OK	 
USER	Criar e Autenticar	START	1611856167102
REQUEST		Autenticar	1611856166977	1611856167118	OK	 
USER	Criar e Autenticar	END	1611856167119
REQUEST		Criar	1611856166374	1611856167158	OK	 
REQUEST		Criar	1611856167011	1611856167159	OK	 
USER	Criar e Autenticar	START	1611856167191
REQUEST		Autenticar	1611856167069	1611856167209	OK	 
USER	Criar e Autenticar	END	1611856167210
REQUEST		Criar	1611856167102	1611856167252	OK	 
USER	Criar e Autenticar	START	1611856167282
REQUEST		Autenticar	1611856167159	1611856167304	OK	 
USER	Criar e Autenticar	END	1611856167304
REQUEST		Autenticar	1611856167160	1611856167305	OK	 
USER	Criar e Autenticar	END	1611856167305
REQUEST		Criar	1611856167192	1611856167340	OK	 
REQUEST		Criar	1611856166556	1611856167357	OK	 
USER	Criar e Autenticar	START	1611856167373
REQUEST		Autenticar	1611856167253	1611856167398	OK	 
USER	Criar e Autenticar	END	1611856167398
REQUEST		Criar	1611856167283	1611856167431	OK	 
USER	Criar e Autenticar	START	1611856167464
REQUEST		Autenticar	1611856167341	1611856167486	OK	 
USER	Criar e Autenticar	END	1611856167486
REQUEST		Autenticar	1611856167357	1611856167506	OK	 
USER	Criar e Autenticar	END	1611856167506
REQUEST		Criar	1611856167374	1611856167522	OK	 
USER	Criar e Autenticar	START	1611856167555
REQUEST		Autenticar	1611856167432	1611856167572	OK	 
USER	Criar e Autenticar	END	1611856167573
USER	Criar e Autenticar	START	1611856167646
REQUEST		Autenticar	1611856167522	1611856167662	OK	 
USER	Criar e Autenticar	END	1611856167663
REQUEST		Criar	1611856167556	1611856167714	OK	 
USER	Criar e Autenticar	START	1611856167737
REQUEST		Criar	1611856167647	1611856167798	OK	 
USER	Criar e Autenticar	START	1611856167829
REQUEST		Criar	1611856167738	1611856167888	OK	 
USER	Criar e Autenticar	START	1611856167920
REQUEST		Autenticar	1611856167798	1611856167947	OK	 
USER	Criar e Autenticar	END	1611856167947
REQUEST		Criar	1611856167829	1611856167981	OK	 
USER	Criar e Autenticar	START	1611856168010
REQUEST		Autenticar	1611856167888	1611856168036	OK	 
USER	Criar e Autenticar	END	1611856168037
REQUEST		Criar	1611856167920	1611856168074	OK	 
USER	Criar e Autenticar	START	1611856168101
REQUEST		Autenticar	1611856167981	1611856168128	OK	 
USER	Criar e Autenticar	END	1611856168128
REQUEST		Criar	1611856168011	1611856168164	OK	 
USER	Criar e Autenticar	START	1611856168191
REQUEST		Autenticar	1611856168074	1611856168214	OK	 
USER	Criar e Autenticar	END	1611856168215
REQUEST		Criar	1611856167465	1611856168246	OK	 
REQUEST		Criar	1611856168102	1611856168248	OK	 
USER	Criar e Autenticar	START	1611856168282
REQUEST		Criar	1611856168192	1611856168338	OK	 
REQUEST		Autenticar	1611856167715	1611856168341	OK	 
USER	Criar e Autenticar	END	1611856168341
USER	Criar e Autenticar	START	1611856168373
REQUEST		Autenticar	1611856168246	1611856168388	OK	 
USER	Criar e Autenticar	END	1611856168389
REQUEST		Autenticar	1611856168249	1611856168394	OK	 
USER	Criar e Autenticar	END	1611856168395
REQUEST		Criar	1611856168283	1611856168432	OK	 
USER	Criar e Autenticar	START	1611856168464
REQUEST		Autenticar	1611856168339	1611856168482	OK	 
USER	Criar e Autenticar	END	1611856168483
REQUEST		Criar	1611856168374	1611856168520	OK	 
USER	Criar e Autenticar	START	1611856168555
REQUEST		Autenticar	1611856168433	1611856168576	OK	 
USER	Criar e Autenticar	END	1611856168576
REQUEST		Criar	1611856168465	1611856168611	OK	 
USER	Criar e Autenticar	START	1611856168647
REQUEST		Autenticar	1611856168521	1611856168664	OK	 
USER	Criar e Autenticar	END	1611856168664
REQUEST		Criar	1611856168556	1611856168702	OK	 
USER	Criar e Autenticar	START	1611856168737
REQUEST		Autenticar	1611856168612	1611856168756	OK	 
USER	Criar e Autenticar	END	1611856168757
REQUEST		Autenticar	1611856168165	1611856168791	OK	 
USER	Criar e Autenticar	END	1611856168792
REQUEST		Criar	1611856168647	1611856168798	OK	 
USER	Criar e Autenticar	START	1611856168829
REQUEST		Autenticar	1611856168702	1611856168841	OK	 
USER	Criar e Autenticar	END	1611856168842
REQUEST		Criar	1611856168738	1611856168886	OK	 
USER	Criar e Autenticar	START	1611856168920
REQUEST		Autenticar	1611856168798	1611856168943	OK	 
USER	Criar e Autenticar	END	1611856168944
REQUEST		Criar	1611856168829	1611856168982	OK	 
USER	Criar e Autenticar	START	1611856169010
REQUEST		Autenticar	1611856168887	1611856169028	OK	 
USER	Criar e Autenticar	END	1611856169028
REQUEST		Criar	1611856168920	1611856169073	OK	 
USER	Criar e Autenticar	START	1611856169101
REQUEST		Autenticar	1611856168982	1611856169126	OK	 
USER	Criar e Autenticar	END	1611856169126
REQUEST		Criar	1611856169011	1611856169165	OK	 
USER	Criar e Autenticar	START	1611856169192
REQUEST		Autenticar	1611856169073	1611856169215	OK	 
USER	Criar e Autenticar	END	1611856169215
REQUEST		Criar	1611856169102	1611856169253	OK	 
USER	Criar e Autenticar	START	1611856169283
REQUEST		Autenticar	1611856169166	1611856169308	OK	 
USER	Criar e Autenticar	END	1611856169308
REQUEST		Criar	1611856169192	1611856169346	OK	 
USER	Criar e Autenticar	START	1611856169374
REQUEST		Autenticar	1611856169253	1611856169398	OK	 
USER	Criar e Autenticar	END	1611856169398
REQUEST		Criar	1611856169283	1611856169433	OK	 
USER	Criar e Autenticar	START	1611856169465
REQUEST		Autenticar	1611856169347	1611856169488	OK	 
USER	Criar e Autenticar	END	1611856169489
REQUEST		Criar	1611856169374	1611856169525	OK	 
USER	Criar e Autenticar	START	1611856169556
REQUEST		Autenticar	1611856169434	1611856169575	OK	 
USER	Criar e Autenticar	END	1611856169576
REQUEST		Criar	1611856169465	1611856169620	OK	 
USER	Criar e Autenticar	START	1611856169647
REQUEST		Autenticar	1611856169526	1611856169666	OK	 
USER	Criar e Autenticar	END	1611856169666
USER	Criar e Autenticar	START	1611856169738
REQUEST		Autenticar	1611856169620	1611856169767	OK	 
USER	Criar e Autenticar	END	1611856169767
REQUEST		Criar	1611856169647	1611856169794	OK	 
USER	Criar e Autenticar	START	1611856169829
USER	Criar e Autenticar	START	1611856169920
REQUEST		Autenticar	1611856169795	1611856169936	OK	 
USER	Criar e Autenticar	END	1611856169936
REQUEST		Criar	1611856169830	1611856169981	OK	 
USER	Criar e Autenticar	START	1611856170011
REQUEST		Criar	1611856169920	1611856170074	OK	 
USER	Criar e Autenticar	START	1611856170102
REQUEST		Autenticar	1611856169982	1611856170124	OK	 
USER	Criar e Autenticar	END	1611856170125
REQUEST		Criar	1611856170011	1611856170156	OK	 
USER	Criar e Autenticar	START	1611856170192
REQUEST		Autenticar	1611856170075	1611856170220	OK	 
USER	Criar e Autenticar	END	1611856170221
REQUEST		Criar	1611856170102	1611856170253	OK	 
USER	Criar e Autenticar	START	1611856170283
REQUEST		Autenticar	1611856170157	1611856170306	OK	 
USER	Criar e Autenticar	END	1611856170307
REQUEST		Criar	1611856170192	1611856170347	OK	 
REQUEST		Criar	1611856169556	1611856170352	OK	 
USER	Criar e Autenticar	START	1611856170374
REQUEST		Autenticar	1611856170253	1611856170399	OK	 
USER	Criar e Autenticar	END	1611856170399
REQUEST		Criar	1611856170283	1611856170432	OK	 
USER	Criar e Autenticar	START	1611856170465
REQUEST		Autenticar	1611856170347	1611856170489	OK	 
USER	Criar e Autenticar	END	1611856170490
REQUEST		Autenticar	1611856170353	1611856170497	OK	 
USER	Criar e Autenticar	END	1611856170497
REQUEST		Criar	1611856170374	1611856170522	OK	 
REQUEST		Criar	1611856169738	1611856170534	OK	 
USER	Criar e Autenticar	START	1611856170556
REQUEST		Autenticar	1611856170432	1611856170578	OK	 
USER	Criar e Autenticar	END	1611856170579
REQUEST		Criar	1611856170465	1611856170611	OK	 
USER	Criar e Autenticar	START	1611856170647
REQUEST		Autenticar	1611856170523	1611856170663	OK	 
USER	Criar e Autenticar	END	1611856170664
REQUEST		Autenticar	1611856170534	1611856170677	OK	 
USER	Criar e Autenticar	END	1611856170677
REQUEST		Criar	1611856170556	1611856170714	OK	 
USER	Criar e Autenticar	START	1611856170738
REQUEST		Autenticar	1611856170612	1611856170757	OK	 
USER	Criar e Autenticar	END	1611856170758
REQUEST		Criar	1611856170647	1611856170797	OK	 
USER	Criar e Autenticar	START	1611856170829
REQUEST		Criar	1611856170738	1611856170889	OK	 
USER	Criar e Autenticar	START	1611856170920
REQUEST		Autenticar	1611856170798	1611856170942	OK	 
USER	Criar e Autenticar	END	1611856170942
REQUEST		Criar	1611856170829	1611856170976	OK	 
USER	Criar e Autenticar	START	1611856171011
REQUEST		Autenticar	1611856170890	1611856171030	OK	 
USER	Criar e Autenticar	END	1611856171030
REQUEST		Criar	1611856170920	1611856171068	OK	 
USER	Criar e Autenticar	START	1611856171102
REQUEST		Autenticar	1611856170976	1611856171118	OK	 
USER	Criar e Autenticar	END	1611856171119
REQUEST		Criar	1611856171011	1611856171158	OK	 
USER	Criar e Autenticar	START	1611856171191
REQUEST		Autenticar	1611856171068	1611856171206	OK	 
USER	Criar e Autenticar	END	1611856171207
REQUEST		Criar	1611856171102	1611856171254	OK	 
USER	Criar e Autenticar	START	1611856171282
REQUEST		Autenticar	1611856171159	1611856171304	OK	 
USER	Criar e Autenticar	END	1611856171304
REQUEST		Autenticar	1611856170715	1611856171351	OK	 
USER	Criar e Autenticar	END	1611856171352
USER	Criar e Autenticar	START	1611856171373
REQUEST		Autenticar	1611856171255	1611856171393	OK	 
USER	Criar e Autenticar	END	1611856171393
REQUEST		Criar	1611856171283	1611856171430	OK	 
USER	Criar e Autenticar	START	1611856171465
REQUEST		Criar	1611856171374	1611856171526	OK	 
USER	Criar e Autenticar	START	1611856171555
REQUEST		Autenticar	1611856171430	1611856171575	OK	 
USER	Criar e Autenticar	END	1611856171575
REQUEST		Criar	1611856171465	1611856171611	OK	 
USER	Criar e Autenticar	START	1611856171647
REQUEST		Autenticar	1611856171526	1611856171670	OK	 
USER	Criar e Autenticar	END	1611856171670
REQUEST		Criar	1611856171556	1611856171707	OK	 
USER	Criar e Autenticar	START	1611856171738
REQUEST		Autenticar	1611856171612	1611856171762	OK	 
USER	Criar e Autenticar	END	1611856171763
REQUEST		Criar	1611856171647	1611856171796	OK	 
USER	Criar e Autenticar	START	1611856171829
REQUEST		Autenticar	1611856171708	1611856171848	OK	 
USER	Criar e Autenticar	END	1611856171848
REQUEST		Criar	1611856171740	1611856171888	OK	 
USER	Criar e Autenticar	START	1611856171919
REQUEST		Autenticar	1611856171797	1611856171940	OK	 
USER	Criar e Autenticar	END	1611856171941
REQUEST		Criar	1611856171829	1611856171979	OK	 
REQUEST		Criar	1611856171192	1611856171983	OK	 
USER	Criar e Autenticar	START	1611856172010
REQUEST		Autenticar	1611856171889	1611856172034	OK	 
USER	Criar e Autenticar	END	1611856172035
REQUEST		Criar	1611856171920	1611856172067	OK	 
REQUEST		Autenticar	1611856171980	1611856172124	OK	 
USER	Criar e Autenticar	END	1611856172125
REQUEST		Autenticar	1611856171984	1611856172128	OK	 
USER	Criar e Autenticar	END	1611856172128
REQUEST		Criar	1611856172011	1611856172158	OK	 
REQUEST		Autenticar	1611856172067	1611856172208	OK	 
USER	Criar e Autenticar	END	1611856172209
REQUEST		Autenticar	1611856172159	1611856172306	OK	 
USER	Criar e Autenticar	END	1611856172307
