RUN	userservice.AutenticacaoPerformance	autenticacaoperformance	1611857737678	 	3.5.0
USER	Criar e Autenticar	START	1611857738781
REQUEST		Criar	1611857738812	1611857738907	OK	 
REQUEST		Autenticar	1611857738928	1611857739013	OK	 
USER	Criar e Autenticar	END	1611857739016
USER	Criar e Autenticar	START	1611857739759
REQUEST		Criar	1611857739759	1611857739851	OK	 
REQUEST		Autenticar	1611857739852	1611857739938	OK	 
USER	Criar e Autenticar	END	1611857739939
USER	Criar e Autenticar	START	1611857740760
REQUEST		Criar	1611857740761	1611857740852	OK	 
REQUEST		Autenticar	1611857740853	1611857740938	OK	 
USER	Criar e Autenticar	END	1611857740939
USER	Criar e Autenticar	START	1611857741751
REQUEST		Criar	1611857741752	1611857741838	OK	 
REQUEST		Autenticar	1611857741839	1611857741923	OK	 
USER	Criar e Autenticar	END	1611857741924
USER	Criar e Autenticar	START	1611857742752
REQUEST		Criar	1611857742752	1611857742842	OK	 
REQUEST		Autenticar	1611857742843	1611857743219	OK	 
USER	Criar e Autenticar	END	1611857743220
USER	Criar e Autenticar	START	1611857743752
REQUEST		Criar	1611857743753	1611857743840	OK	 
REQUEST		Autenticar	1611857743841	1611857743924	OK	 
USER	Criar e Autenticar	END	1611857743924
USER	Criar e Autenticar	START	1611857744752
REQUEST		Criar	1611857744753	1611857744839	OK	 
REQUEST		Autenticar	1611857744840	1611857744923	OK	 
USER	Criar e Autenticar	END	1611857744923
USER	Criar e Autenticar	START	1611857745752
REQUEST		Criar	1611857745753	1611857745841	OK	 
REQUEST		Autenticar	1611857745842	1611857745928	OK	 
USER	Criar e Autenticar	END	1611857745929
USER	Criar e Autenticar	START	1611857746751
REQUEST		Criar	1611857746752	1611857746839	OK	 
REQUEST		Autenticar	1611857746840	1611857746923	OK	 
USER	Criar e Autenticar	END	1611857746924
USER	Criar e Autenticar	START	1611857747752
REQUEST		Criar	1611857747752	1611857747840	OK	 
REQUEST		Autenticar	1611857747841	1611857747927	OK	 
USER	Criar e Autenticar	END	1611857747928
USER	Criar e Autenticar	START	1611857748752
REQUEST		Criar	1611857748752	1611857748842	OK	 
REQUEST		Autenticar	1611857748843	1611857748928	OK	 
USER	Criar e Autenticar	END	1611857748929
USER	Criar e Autenticar	START	1611857749251
REQUEST		Criar	1611857749252	1611857749343	OK	 
REQUEST		Autenticar	1611857749344	1611857749426	OK	 
USER	Criar e Autenticar	END	1611857749427
USER	Criar e Autenticar	START	1611857749751
REQUEST		Criar	1611857749752	1611857749840	OK	 
REQUEST		Autenticar	1611857749842	1611857749927	OK	 
USER	Criar e Autenticar	END	1611857749928
USER	Criar e Autenticar	START	1611857750002
REQUEST		Criar	1611857750003	1611857750090	OK	 
REQUEST		Autenticar	1611857750091	1611857750175	OK	 
USER	Criar e Autenticar	END	1611857750176
USER	Criar e Autenticar	START	1611857750252
REQUEST		Criar	1611857750252	1611857750341	OK	 
REQUEST		Autenticar	1611857750343	1611857750425	OK	 
USER	Criar e Autenticar	END	1611857750426
USER	Criar e Autenticar	START	1611857750502
REQUEST		Criar	1611857750503	1611857750587	OK	 
REQUEST		Autenticar	1611857750588	1611857750671	OK	 
USER	Criar e Autenticar	END	1611857750672
USER	Criar e Autenticar	START	1611857750752
REQUEST		Criar	1611857750753	1611857750844	OK	 
USER	Criar e Autenticar	START	1611857750918
REQUEST		Autenticar	1611857750845	1611857750931	OK	 
USER	Criar e Autenticar	END	1611857750931
REQUEST		Criar	1611857750919	1611857751007	OK	 
USER	Criar e Autenticar	START	1611857751085
REQUEST		Autenticar	1611857751008	1611857751093	OK	 
USER	Criar e Autenticar	END	1611857751094
REQUEST		Criar	1611857751085	1611857751170	OK	 
USER	Criar e Autenticar	START	1611857751252
REQUEST		Autenticar	1611857751171	1611857751257	OK	 
USER	Criar e Autenticar	END	1611857751257
REQUEST		Criar	1611857751252	1611857751341	OK	 
USER	Criar e Autenticar	START	1611857751418
REQUEST		Autenticar	1611857751342	1611857751428	OK	 
USER	Criar e Autenticar	END	1611857751428
REQUEST		Criar	1611857751418	1611857751508	OK	 
USER	Criar e Autenticar	START	1611857751585
REQUEST		Autenticar	1611857751509	1611857751595	OK	 
USER	Criar e Autenticar	END	1611857751596
REQUEST		Criar	1611857751586	1611857751672	OK	 
USER	Criar e Autenticar	START	1611857751752
REQUEST		Autenticar	1611857751673	1611857751758	OK	 
USER	Criar e Autenticar	END	1611857751759
REQUEST		Criar	1611857751753	1611857751843	OK	 
USER	Criar e Autenticar	START	1611857751877
REQUEST		Autenticar	1611857751844	1611857751927	OK	 
USER	Criar e Autenticar	END	1611857751928
REQUEST		Criar	1611857751878	1611857751964	OK	 
USER	Criar e Autenticar	START	1611857752002
REQUEST		Autenticar	1611857751965	1611857752048	OK	 
USER	Criar e Autenticar	END	1611857752049
REQUEST		Criar	1611857752003	1611857752092	OK	 
USER	Criar e Autenticar	START	1611857752127
REQUEST		Autenticar	1611857752093	1611857752176	OK	 
USER	Criar e Autenticar	END	1611857752177
REQUEST		Criar	1611857752128	1611857752216	OK	 
USER	Criar e Autenticar	START	1611857752252
REQUEST		Autenticar	1611857752217	1611857752301	OK	 
USER	Criar e Autenticar	END	1611857752302
REQUEST		Criar	1611857752253	1611857752339	OK	 
USER	Criar e Autenticar	START	1611857752377
REQUEST		Autenticar	1611857752340	1611857752423	OK	 
USER	Criar e Autenticar	END	1611857752424
REQUEST		Criar	1611857752378	1611857752463	OK	 
USER	Criar e Autenticar	START	1611857752502
REQUEST		Autenticar	1611857752464	1611857752547	OK	 
USER	Criar e Autenticar	END	1611857752548
REQUEST		Criar	1611857752503	1611857752592	OK	 
USER	Criar e Autenticar	START	1611857752627
REQUEST		Autenticar	1611857752593	1611857752678	OK	 
USER	Criar e Autenticar	END	1611857752679
REQUEST		Criar	1611857752628	1611857752715	OK	 
USER	Criar e Autenticar	START	1611857752752
REQUEST		Autenticar	1611857752715	1611857752799	OK	 
USER	Criar e Autenticar	END	1611857752800
REQUEST		Criar	1611857752753	1611857752841	OK	 
USER	Criar e Autenticar	START	1611857752851
REQUEST		Autenticar	1611857752842	1611857752928	OK	 
USER	Criar e Autenticar	END	1611857752928
REQUEST		Criar	1611857752852	1611857752940	OK	 
USER	Criar e Autenticar	START	1611857752951
REQUEST		Autenticar	1611857752941	1611857753025	OK	 
USER	Criar e Autenticar	END	1611857753026
REQUEST		Criar	1611857752952	1611857753039	OK	 
USER	Criar e Autenticar	START	1611857753052
REQUEST		Autenticar	1611857753039	1611857753121	OK	 
USER	Criar e Autenticar	END	1611857753122
REQUEST		Criar	1611857753052	1611857753142	OK	 
USER	Criar e Autenticar	START	1611857753152
REQUEST		Autenticar	1611857753143	1611857753225	OK	 
USER	Criar e Autenticar	END	1611857753225
REQUEST		Criar	1611857753152	1611857753239	OK	 
USER	Criar e Autenticar	START	1611857753252
REQUEST		Autenticar	1611857753240	1611857753326	OK	 
USER	Criar e Autenticar	END	1611857753327
REQUEST		Criar	1611857753252	1611857753338	OK	 
USER	Criar e Autenticar	START	1611857753352
REQUEST		Autenticar	1611857753338	1611857753420	OK	 
USER	Criar e Autenticar	END	1611857753420
REQUEST		Criar	1611857753352	1611857753436	OK	 
USER	Criar e Autenticar	START	1611857753452
REQUEST		Autenticar	1611857753437	1611857753520	OK	 
USER	Criar e Autenticar	END	1611857753521
REQUEST		Criar	1611857753452	1611857753536	OK	 
USER	Criar e Autenticar	START	1611857753552
REQUEST		Autenticar	1611857753536	1611857753618	OK	 
USER	Criar e Autenticar	END	1611857753619
REQUEST		Criar	1611857753552	1611857753637	OK	 
USER	Criar e Autenticar	START	1611857753652
REQUEST		Autenticar	1611857753638	1611857753723	OK	 
USER	Criar e Autenticar	END	1611857753724
REQUEST		Criar	1611857753653	1611857753738	OK	 
USER	Criar e Autenticar	START	1611857753752
REQUEST		Autenticar	1611857753739	1611857753821	OK	 
USER	Criar e Autenticar	END	1611857753822
REQUEST		Criar	1611857753753	1611857753838	OK	 
USER	Criar e Autenticar	START	1611857753841
REQUEST		Autenticar	1611857753839	1611857753922	OK	 
USER	Criar e Autenticar	END	1611857753923
REQUEST		Criar	1611857753842	1611857753927	OK	 
USER	Criar e Autenticar	START	1611857753933
REQUEST		Autenticar	1611857753928	1611857754011	OK	 
USER	Criar e Autenticar	END	1611857754011
REQUEST		Criar	1611857753933	1611857754018	OK	 
USER	Criar e Autenticar	START	1611857754024
REQUEST		Autenticar	1611857754019	1611857754101	OK	 
USER	Criar e Autenticar	END	1611857754102
REQUEST		Criar	1611857754024	1611857754112	OK	 
USER	Criar e Autenticar	START	1611857754115
REQUEST		Autenticar	1611857754112	1611857754193	OK	 
USER	Criar e Autenticar	END	1611857754194
REQUEST		Criar	1611857754115	1611857754200	OK	 
USER	Criar e Autenticar	START	1611857754206
REQUEST		Autenticar	1611857754201	1611857754283	OK	 
USER	Criar e Autenticar	END	1611857754283
REQUEST		Criar	1611857754206	1611857754291	OK	 
USER	Criar e Autenticar	START	1611857754297
REQUEST		Autenticar	1611857754291	1611857754373	OK	 
USER	Criar e Autenticar	END	1611857754373
REQUEST		Criar	1611857754297	1611857754384	OK	 
USER	Criar e Autenticar	START	1611857754388
REQUEST		Autenticar	1611857754384	1611857754465	OK	 
USER	Criar e Autenticar	END	1611857754466
REQUEST		Criar	1611857754388	1611857754473	OK	 
USER	Criar e Autenticar	START	1611857754479
REQUEST		Autenticar	1611857754473	1611857754558	OK	 
USER	Criar e Autenticar	END	1611857754559
REQUEST		Criar	1611857754479	1611857754567	OK	 
USER	Criar e Autenticar	START	1611857754570
REQUEST		Autenticar	1611857754568	1611857754652	OK	 
USER	Criar e Autenticar	END	1611857754653
REQUEST		Criar	1611857754570	1611857754655	OK	 
USER	Criar e Autenticar	START	1611857754661
REQUEST		Autenticar	1611857754656	1611857754738	OK	 
USER	Criar e Autenticar	END	1611857754738
REQUEST		Criar	1611857754661	1611857754750	OK	 
USER	Criar e Autenticar	START	1611857754752
REQUEST		Autenticar	1611857754750	1611857754837	OK	 
USER	Criar e Autenticar	END	1611857754837
REQUEST		Criar	1611857754752	1611857754841	OK	 
USER	Criar e Autenticar	START	1611857754842
REQUEST		Autenticar	1611857754842	1611857754923	OK	 
USER	Criar e Autenticar	END	1611857754924
REQUEST		Criar	1611857754843	1611857754933	OK	 
USER	Criar e Autenticar	START	1611857754933
REQUEST		Criar	1611857754933	1611857755018	OK	 
REQUEST		Autenticar	1611857754934	1611857755019	OK	 
USER	Criar e Autenticar	END	1611857755020
USER	Criar e Autenticar	START	1611857755024
REQUEST		Autenticar	1611857755019	1611857755102	OK	 
USER	Criar e Autenticar	END	1611857755103
REQUEST		Criar	1611857755024	1611857755108	OK	 
USER	Criar e Autenticar	START	1611857755115
REQUEST		Autenticar	1611857755109	1611857755191	OK	 
USER	Criar e Autenticar	END	1611857755192
REQUEST		Criar	1611857755115	1611857755199	OK	 
USER	Criar e Autenticar	START	1611857755206
REQUEST		Autenticar	1611857755200	1611857755281	OK	 
USER	Criar e Autenticar	END	1611857755282
REQUEST		Criar	1611857755206	1611857755293	OK	 
USER	Criar e Autenticar	START	1611857755297
REQUEST		Autenticar	1611857755294	1611857755375	OK	 
USER	Criar e Autenticar	END	1611857755376
REQUEST		Criar	1611857755297	1611857755381	OK	 
USER	Criar e Autenticar	START	1611857755388
REQUEST		Autenticar	1611857755382	1611857755463	OK	 
USER	Criar e Autenticar	END	1611857755464
REQUEST		Criar	1611857755388	1611857755473	OK	 
USER	Criar e Autenticar	START	1611857755479
REQUEST		Autenticar	1611857755473	1611857755555	OK	 
USER	Criar e Autenticar	END	1611857755556
REQUEST		Criar	1611857755479	1611857755568	OK	 
USER	Criar e Autenticar	START	1611857755570
REQUEST		Autenticar	1611857755569	1611857755653	OK	 
USER	Criar e Autenticar	END	1611857755654
REQUEST		Criar	1611857755570	1611857755654	OK	 
USER	Criar e Autenticar	START	1611857755661
REQUEST		Autenticar	1611857755655	1611857755739	OK	 
USER	Criar e Autenticar	END	1611857755739
REQUEST		Criar	1611857755661	1611857755747	OK	 
USER	Criar e Autenticar	START	1611857755752
REQUEST		Autenticar	1611857755747	1611857755830	OK	 
USER	Criar e Autenticar	END	1611857755831
REQUEST		Criar	1611857755752	1611857755837	OK	 
USER	Criar e Autenticar	START	1611857755842
REQUEST		Autenticar	1611857755838	1611857755920	OK	 
USER	Criar e Autenticar	END	1611857755921
REQUEST		Criar	1611857755842	1611857755929	OK	 
USER	Criar e Autenticar	START	1611857755933
REQUEST		Autenticar	1611857755930	1611857756013	OK	 
USER	Criar e Autenticar	END	1611857756014
REQUEST		Criar	1611857755933	1611857756021	OK	 
USER	Criar e Autenticar	START	1611857756023
REQUEST		Autenticar	1611857756022	1611857756104	OK	 
USER	Criar e Autenticar	END	1611857756105
REQUEST		Criar	1611857756024	1611857756106	OK	 
USER	Criar e Autenticar	START	1611857756115
REQUEST		Autenticar	1611857756107	1611857756188	OK	 
USER	Criar e Autenticar	END	1611857756188
REQUEST		Criar	1611857756115	1611857756198	OK	 
USER	Criar e Autenticar	START	1611857756206
REQUEST		Autenticar	1611857756199	1611857756281	OK	 
USER	Criar e Autenticar	END	1611857756282
REQUEST		Criar	1611857756206	1611857756294	OK	 
USER	Criar e Autenticar	START	1611857756297
REQUEST		Criar	1611857756297	1611857756381	OK	 
REQUEST		Autenticar	1611857756295	1611857756381	OK	 
USER	Criar e Autenticar	END	1611857756382
USER	Criar e Autenticar	START	1611857756388
REQUEST		Autenticar	1611857756381	1611857756462	OK	 
USER	Criar e Autenticar	END	1611857756463
REQUEST		Criar	1611857756388	1611857756476	OK	 
USER	Criar e Autenticar	START	1611857756479
REQUEST		Autenticar	1611857756477	1611857756561	OK	 
USER	Criar e Autenticar	END	1611857756562
REQUEST		Criar	1611857756479	1611857756567	OK	 
USER	Criar e Autenticar	START	1611857756570
REQUEST		Autenticar	1611857756567	1611857756653	OK	 
USER	Criar e Autenticar	END	1611857756653
REQUEST		Criar	1611857756570	1611857756655	OK	 
USER	Criar e Autenticar	START	1611857756661
REQUEST		Autenticar	1611857756656	1611857756737	OK	 
USER	Criar e Autenticar	END	1611857756738
REQUEST		Criar	1611857756661	1611857756745	OK	 
USER	Criar e Autenticar	START	1611857756752
REQUEST		Autenticar	1611857756746	1611857756828	OK	 
USER	Criar e Autenticar	END	1611857756828
REQUEST		Criar	1611857756752	1611857756837	OK	 
USER	Criar e Autenticar	START	1611857756842
REQUEST		Autenticar	1611857756838	1611857756920	OK	 
USER	Criar e Autenticar	END	1611857756921
REQUEST		Criar	1611857756842	1611857756926	OK	 
USER	Criar e Autenticar	START	1611857756933
REQUEST		Autenticar	1611857756927	1611857757009	OK	 
USER	Criar e Autenticar	END	1611857757010
REQUEST		Criar	1611857756933	1611857757017	OK	 
USER	Criar e Autenticar	START	1611857757024
REQUEST		Autenticar	1611857757017	1611857757098	OK	 
USER	Criar e Autenticar	END	1611857757099
REQUEST		Criar	1611857757024	1611857757109	OK	 
USER	Criar e Autenticar	START	1611857757115
REQUEST		Autenticar	1611857757109	1611857757194	OK	 
USER	Criar e Autenticar	END	1611857757195
REQUEST		Criar	1611857757115	1611857757199	OK	 
USER	Criar e Autenticar	START	1611857757206
REQUEST		Autenticar	1611857757200	1611857757282	OK	 
USER	Criar e Autenticar	END	1611857757282
REQUEST		Criar	1611857757206	1611857757291	OK	 
USER	Criar e Autenticar	START	1611857757297
REQUEST		Autenticar	1611857757292	1611857757374	OK	 
USER	Criar e Autenticar	END	1611857757374
REQUEST		Criar	1611857757297	1611857757381	OK	 
USER	Criar e Autenticar	START	1611857757388
REQUEST		Autenticar	1611857757382	1611857757463	OK	 
USER	Criar e Autenticar	END	1611857757464
REQUEST		Criar	1611857757389	1611857757476	OK	 
USER	Criar e Autenticar	START	1611857757479
REQUEST		Autenticar	1611857757476	1611857757560	OK	 
USER	Criar e Autenticar	END	1611857757561
REQUEST		Criar	1611857757480	1611857757563	OK	 
USER	Criar e Autenticar	START	1611857757570
REQUEST		Criar	1611857757571	1611857757655	OK	 
USER	Criar e Autenticar	START	1611857757662
REQUEST		Autenticar	1611857757656	1611857757738	OK	 
USER	Criar e Autenticar	END	1611857757739
REQUEST		Criar	1611857757663	1611857757746	OK	 
USER	Criar e Autenticar	START	1611857757752
REQUEST		Autenticar	1611857757747	1611857757829	OK	 
USER	Criar e Autenticar	END	1611857757829
REQUEST		Criar	1611857757753	1611857757839	OK	 
USER	Criar e Autenticar	START	1611857757842
REQUEST		Autenticar	1611857757839	1611857757922	OK	 
USER	Criar e Autenticar	END	1611857757922
REQUEST		Criar	1611857757842	1611857757925	OK	 
USER	Criar e Autenticar	START	1611857757933
REQUEST		Autenticar	1611857757564	1611857757948	OK	 
USER	Criar e Autenticar	END	1611857757949
REQUEST		Autenticar	1611857757925	1611857758008	OK	 
USER	Criar e Autenticar	END	1611857758009
REQUEST		Criar	1611857757933	1611857758018	OK	 
USER	Criar e Autenticar	START	1611857758024
REQUEST		Autenticar	1611857758018	1611857758102	OK	 
USER	Criar e Autenticar	END	1611857758103
REQUEST		Criar	1611857758024	1611857758109	OK	 
USER	Criar e Autenticar	START	1611857758115
REQUEST		Autenticar	1611857758109	1611857758192	OK	 
USER	Criar e Autenticar	END	1611857758192
REQUEST		Criar	1611857758115	1611857758198	OK	 
USER	Criar e Autenticar	START	1611857758206
REQUEST		Autenticar	1611857758199	1611857758280	OK	 
USER	Criar e Autenticar	END	1611857758281
REQUEST		Criar	1611857758206	1611857758294	OK	 
USER	Criar e Autenticar	START	1611857758297
REQUEST		Autenticar	1611857758294	1611857758377	OK	 
USER	Criar e Autenticar	END	1611857758378
REQUEST		Criar	1611857758297	1611857758381	OK	 
USER	Criar e Autenticar	START	1611857758388
REQUEST		Autenticar	1611857758381	1611857758462	OK	 
USER	Criar e Autenticar	END	1611857758463
REQUEST		Criar	1611857758388	1611857758473	OK	 
USER	Criar e Autenticar	START	1611857758479
REQUEST		Autenticar	1611857758474	1611857758556	OK	 
USER	Criar e Autenticar	END	1611857758557
REQUEST		Criar	1611857758479	1611857758566	OK	 
USER	Criar e Autenticar	START	1611857758570
REQUEST		Autenticar	1611857758567	1611857758648	OK	 
USER	Criar e Autenticar	END	1611857758649
REQUEST		Criar	1611857758570	1611857758654	OK	 
USER	Criar e Autenticar	START	1611857758661
REQUEST		Autenticar	1611857758655	1611857758739	OK	 
USER	Criar e Autenticar	END	1611857758739
REQUEST		Criar	1611857758661	1611857758747	OK	 
USER	Criar e Autenticar	START	1611857758752
REQUEST		Autenticar	1611857758747	1611857758829	OK	 
USER	Criar e Autenticar	END	1611857758830
REQUEST		Criar	1611857758752	1611857758835	OK	 
USER	Criar e Autenticar	START	1611857758842
REQUEST		Autenticar	1611857758836	1611857758918	OK	 
USER	Criar e Autenticar	END	1611857758919
REQUEST		Criar	1611857758842	1611857758926	OK	 
USER	Criar e Autenticar	START	1611857758933
REQUEST		Autenticar	1611857758927	1611857759008	OK	 
USER	Criar e Autenticar	END	1611857759009
REQUEST		Criar	1611857758933	1611857759017	OK	 
USER	Criar e Autenticar	START	1611857759024
REQUEST		Autenticar	1611857759018	1611857759099	OK	 
USER	Criar e Autenticar	END	1611857759100
REQUEST		Criar	1611857759024	1611857759114	OK	 
USER	Criar e Autenticar	START	1611857759115
REQUEST		Autenticar	1611857759114	1611857759197	OK	 
USER	Criar e Autenticar	END	1611857759198
REQUEST		Criar	1611857759115	1611857759200	OK	 
USER	Criar e Autenticar	START	1611857759206
REQUEST		Autenticar	1611857759201	1611857759284	OK	 
USER	Criar e Autenticar	END	1611857759285
REQUEST		Criar	1611857759206	1611857759290	OK	 
USER	Criar e Autenticar	START	1611857759297
REQUEST		Autenticar	1611857759290	1611857759372	OK	 
USER	Criar e Autenticar	END	1611857759373
REQUEST		Criar	1611857759297	1611857759382	OK	 
USER	Criar e Autenticar	START	1611857759388
REQUEST		Autenticar	1611857759382	1611857759464	OK	 
USER	Criar e Autenticar	END	1611857759465
REQUEST		Criar	1611857759388	1611857759474	OK	 
USER	Criar e Autenticar	START	1611857759479
REQUEST		Autenticar	1611857759475	1611857759557	OK	 
USER	Criar e Autenticar	END	1611857759558
REQUEST		Criar	1611857759479	1611857759565	OK	 
USER	Criar e Autenticar	START	1611857759570
REQUEST		Autenticar	1611857759565	1611857759648	OK	 
USER	Criar e Autenticar	END	1611857759648
REQUEST		Criar	1611857759570	1611857759654	OK	 
USER	Criar e Autenticar	START	1611857759661
REQUEST		Autenticar	1611857759654	1611857759737	OK	 
USER	Criar e Autenticar	END	1611857759737
REQUEST		Criar	1611857759661	1611857759746	OK	 
USER	Criar e Autenticar	START	1611857759752
REQUEST		Autenticar	1611857759746	1611857759832	OK	 
USER	Criar e Autenticar	END	1611857759833
REQUEST		Criar	1611857759752	1611857759837	OK	 
USER	Criar e Autenticar	START	1611857759841
REQUEST		Autenticar	1611857759837	1611857759920	OK	 
USER	Criar e Autenticar	END	1611857759920
REQUEST		Criar	1611857759841	1611857759925	OK	 
USER	Criar e Autenticar	START	1611857759932
REQUEST		Autenticar	1611857759926	1611857760015	OK	 
USER	Criar e Autenticar	END	1611857760015
REQUEST		Criar	1611857759932	1611857760027	OK	 
USER	Criar e Autenticar	START	1611857760023
REQUEST		Autenticar	1611857760028	1611857760112	OK	 
USER	Criar e Autenticar	END	1611857760113
REQUEST		Criar	1611857760023	1611857760113	OK	 
USER	Criar e Autenticar	START	1611857760114
REQUEST		Autenticar	1611857760115	1611857760197	OK	 
USER	Criar e Autenticar	END	1611857760197
REQUEST		Criar	1611857760115	1611857760199	OK	 
USER	Criar e Autenticar	START	1611857760205
REQUEST		Autenticar	1611857760200	1611857760283	OK	 
USER	Criar e Autenticar	END	1611857760283
REQUEST		Criar	1611857760206	1611857760291	OK	 
USER	Criar e Autenticar	START	1611857760296
REQUEST		Autenticar	1611857760292	1611857760374	OK	 
USER	Criar e Autenticar	END	1611857760375
REQUEST		Criar	1611857760296	1611857760382	OK	 
USER	Criar e Autenticar	START	1611857760387
REQUEST		Autenticar	1611857760382	1611857760464	OK	 
USER	Criar e Autenticar	END	1611857760465
REQUEST		Criar	1611857760387	1611857760473	OK	 
USER	Criar e Autenticar	START	1611857760478
REQUEST		Autenticar	1611857760473	1611857760556	OK	 
USER	Criar e Autenticar	END	1611857760556
REQUEST		Criar	1611857760478	1611857760565	OK	 
USER	Criar e Autenticar	START	1611857760569
REQUEST		Autenticar	1611857760565	1611857760647	OK	 
USER	Criar e Autenticar	END	1611857760648
REQUEST		Criar	1611857760569	1611857760653	OK	 
USER	Criar e Autenticar	START	1611857760660
REQUEST		Autenticar	1611857760654	1611857760735	OK	 
USER	Criar e Autenticar	END	1611857760736
REQUEST		Criar	1611857760660	1611857760746	OK	 
USER	Criar e Autenticar	START	1611857760751
REQUEST		Autenticar	1611857760747	1611857760828	OK	 
USER	Criar e Autenticar	END	1611857760829
REQUEST		Criar	1611857760752	1611857760835	OK	 
USER	Criar e Autenticar	START	1611857760842
REQUEST		Autenticar	1611857760835	1611857760916	OK	 
USER	Criar e Autenticar	END	1611857760917
REQUEST		Criar	1611857760842	1611857760926	OK	 
USER	Criar e Autenticar	START	1611857760933
REQUEST		Autenticar	1611857760927	1611857761008	OK	 
USER	Criar e Autenticar	END	1611857761009
REQUEST		Criar	1611857760933	1611857761017	OK	 
USER	Criar e Autenticar	START	1611857761024
REQUEST		Autenticar	1611857761017	1611857761099	OK	 
USER	Criar e Autenticar	END	1611857761100
REQUEST		Criar	1611857761024	1611857761110	OK	 
USER	Criar e Autenticar	START	1611857761115
REQUEST		Autenticar	1611857761110	1611857761193	OK	 
USER	Criar e Autenticar	END	1611857761193
REQUEST		Criar	1611857761115	1611857761199	OK	 
USER	Criar e Autenticar	START	1611857761206
REQUEST		Autenticar	1611857761199	1611857761280	OK	 
USER	Criar e Autenticar	END	1611857761281
REQUEST		Criar	1611857761206	1611857761289	OK	 
USER	Criar e Autenticar	START	1611857761297
REQUEST		Autenticar	1611857761290	1611857761371	OK	 
USER	Criar e Autenticar	END	1611857761372
REQUEST		Criar	1611857761297	1611857761383	OK	 
USER	Criar e Autenticar	START	1611857761388
REQUEST		Autenticar	1611857761384	1611857761466	OK	 
USER	Criar e Autenticar	END	1611857761467
REQUEST		Criar	1611857761388	1611857761475	OK	 
USER	Criar e Autenticar	START	1611857761479
REQUEST		Autenticar	1611857761476	1611857761559	OK	 
USER	Criar e Autenticar	END	1611857761560
REQUEST		Criar	1611857761480	1611857761564	OK	 
USER	Criar e Autenticar	START	1611857761570
REQUEST		Autenticar	1611857761564	1611857761645	OK	 
USER	Criar e Autenticar	END	1611857761645
REQUEST		Criar	1611857761570	1611857761656	OK	 
USER	Criar e Autenticar	START	1611857761661
REQUEST		Autenticar	1611857761656	1611857761738	OK	 
USER	Criar e Autenticar	END	1611857761739
REQUEST		Criar	1611857761661	1611857761745	OK	 
USER	Criar e Autenticar	START	1611857761752
REQUEST		Autenticar	1611857761746	1611857761827	OK	 
USER	Criar e Autenticar	END	1611857761828
REQUEST		Criar	1611857761753	1611857761836	OK	 
USER	Criar e Autenticar	START	1611857761842
REQUEST		Autenticar	1611857761837	1611857761919	OK	 
USER	Criar e Autenticar	END	1611857761919
REQUEST		Criar	1611857761842	1611857761931	OK	 
USER	Criar e Autenticar	START	1611857761933
REQUEST		Autenticar	1611857761932	1611857762014	OK	 
USER	Criar e Autenticar	END	1611857762015
REQUEST		Criar	1611857761933	1611857762016	OK	 
USER	Criar e Autenticar	START	1611857762024
REQUEST		Autenticar	1611857762017	1611857762100	OK	 
USER	Criar e Autenticar	END	1611857762100
REQUEST		Criar	1611857762024	1611857762110	OK	 
USER	Criar e Autenticar	START	1611857762115
REQUEST		Autenticar	1611857762111	1611857762194	OK	 
USER	Criar e Autenticar	END	1611857762194
REQUEST		Criar	1611857762115	1611857762199	OK	 
USER	Criar e Autenticar	START	1611857762206
REQUEST		Autenticar	1611857762200	1611857762281	OK	 
USER	Criar e Autenticar	END	1611857762281
REQUEST		Criar	1611857762206	1611857762291	OK	 
USER	Criar e Autenticar	START	1611857762297
REQUEST		Autenticar	1611857762291	1611857762373	OK	 
USER	Criar e Autenticar	END	1611857762374
REQUEST		Criar	1611857762297	1611857762382	OK	 
USER	Criar e Autenticar	START	1611857762388
REQUEST		Autenticar	1611857762382	1611857762465	OK	 
USER	Criar e Autenticar	END	1611857762465
REQUEST		Criar	1611857762388	1611857762474	OK	 
USER	Criar e Autenticar	START	1611857762479
REQUEST		Autenticar	1611857762474	1611857762556	OK	 
USER	Criar e Autenticar	END	1611857762556
REQUEST		Criar	1611857762479	1611857762562	OK	 
USER	Criar e Autenticar	START	1611857762570
REQUEST		Autenticar	1611857762562	1611857762642	OK	 
USER	Criar e Autenticar	END	1611857762643
REQUEST		Criar	1611857762570	1611857762655	OK	 
USER	Criar e Autenticar	START	1611857762661
REQUEST		Autenticar	1611857762655	1611857762736	OK	 
USER	Criar e Autenticar	END	1611857762736
REQUEST		Criar	1611857762661	1611857762746	OK	 
USER	Criar e Autenticar	START	1611857762752
REQUEST		Autenticar	1611857762747	1611857762828	OK	 
USER	Criar e Autenticar	END	1611857762829
REQUEST		Criar	1611857762752	1611857762836	OK	 
USER	Criar e Autenticar	START	1611857762842
REQUEST		Autenticar	1611857762837	1611857762918	OK	 
USER	Criar e Autenticar	END	1611857762919
REQUEST		Criar	1611857762842	1611857762926	OK	 
USER	Criar e Autenticar	START	1611857762933
REQUEST		Autenticar	1611857762927	1611857763008	OK	 
USER	Criar e Autenticar	END	1611857763009
REQUEST		Criar	1611857762933	1611857763017	OK	 
USER	Criar e Autenticar	START	1611857763024
REQUEST		Autenticar	1611857763018	1611857763099	OK	 
USER	Criar e Autenticar	END	1611857763100
REQUEST		Criar	1611857763024	1611857763107	OK	 
USER	Criar e Autenticar	START	1611857763115
REQUEST		Autenticar	1611857763107	1611857763187	OK	 
USER	Criar e Autenticar	END	1611857763187
REQUEST		Criar	1611857763115	1611857763198	OK	 
USER	Criar e Autenticar	START	1611857763206
REQUEST		Autenticar	1611857763199	1611857763280	OK	 
USER	Criar e Autenticar	END	1611857763281
REQUEST		Criar	1611857763206	1611857763292	OK	 
USER	Criar e Autenticar	START	1611857763297
REQUEST		Autenticar	1611857763292	1611857763374	OK	 
USER	Criar e Autenticar	END	1611857763375
REQUEST		Criar	1611857763297	1611857763382	OK	 
USER	Criar e Autenticar	START	1611857763388
REQUEST		Autenticar	1611857763382	1611857763464	OK	 
USER	Criar e Autenticar	END	1611857763465
REQUEST		Criar	1611857763388	1611857763472	OK	 
USER	Criar e Autenticar	START	1611857763479
REQUEST		Autenticar	1611857763473	1611857763559	OK	 
USER	Criar e Autenticar	END	1611857763559
REQUEST		Criar	1611857763479	1611857763563	OK	 
USER	Criar e Autenticar	START	1611857763570
REQUEST		Autenticar	1611857763563	1611857763646	OK	 
USER	Criar e Autenticar	END	1611857763646
REQUEST		Criar	1611857763570	1611857763658	OK	 
USER	Criar e Autenticar	START	1611857763661
REQUEST		Autenticar	1611857763658	1611857763740	OK	 
USER	Criar e Autenticar	END	1611857763741
REQUEST		Criar	1611857763661	1611857763746	OK	 
REQUEST		Autenticar	1611857763746	1611857763828	OK	 
USER	Criar e Autenticar	END	1611857763829
